  [4;36;1mSQL (0.2ms)[0m   [0;1m SELECT name
 FROM sqlite_master
 WHERE type = 'table' AND NOT name = 'sqlite_sequence'
[0m
  [4;35;1mSQL (0.0ms)[0m   [0mselect sqlite_version(*)[0m
  [4;36;1mSQL (12.3ms)[0m   [0;1mCREATE TABLE "schema_migrations" ("version" varchar(255) NOT NULL) [0m
  [4;35;1mSQL (0.2ms)[0m   [0mPRAGMA index_list("schema_migrations")[0m
  [4;36;1mSQL (2.6ms)[0m   [0;1mCREATE UNIQUE INDEX "unique_schema_migrations" ON "schema_migrations" ("version")[0m
  [4;35;1mSQL (0.1ms)[0m   [0m SELECT name
 FROM sqlite_master
 WHERE type = 'table' AND NOT name = 'sqlite_sequence'
[0m
  [4;36;1mSQL (0.0ms)[0m   [0;1mSELECT version FROM schema_migrations[0m
Migrating to CreateUsers (20180715073230)
  [4;35;1mSQL (0.2ms)[0m   [0mCREATE TABLE "users" ("id" INTEGER PRIMARY KEY AUTOINCREMENT NOT NULL, "name" varchar(255), "password_hash" varchar(255), "created_at" datetime, "updated_at" datetime) [0m
  [4;36;1mSQL (0.1ms)[0m   [0;1mINSERT INTO schema_migrations (version) VALUES ('20180715073230')[0m
  [4;35;1mSQL (0.1ms)[0m   [0m SELECT name
 FROM sqlite_master
 WHERE type = 'table' AND NOT name = 'sqlite_sequence'
[0m
  [4;36;1mSQL (0.0ms)[0m   [0;1mSELECT version FROM schema_migrations[0m
  [4;35;1mSQL (0.1ms)[0m   [0m SELECT name
 FROM sqlite_master
 WHERE type = 'table' AND NOT name = 'sqlite_sequence'
[0m
  [4;36;1mSQL (0.0ms)[0m   [0;1mPRAGMA index_list("users")[0m
  [4;36;1mSQL (0.3ms)[0m   [0;1m SELECT name
 FROM sqlite_master
 WHERE type = 'table' AND NOT name = 'sqlite_sequence'
[0m
  [4;35;1mSQL (0.1ms)[0m   [0mSELECT version FROM schema_migrations[0m
  [4;36;1mSQL (0.1ms)[0m   [0;1m SELECT name
 FROM sqlite_master
 WHERE type = 'table' AND NOT name = 'sqlite_sequence'
[0m
  [4;35;1mSQL (0.0ms)[0m   [0mSELECT version FROM schema_migrations[0m
Migrating to CreateUsers (20180715073230)
  [4;36;1mSQL (0.0ms)[0m   [0;1mselect sqlite_version(*)[0m
  [4;35;1mSQL (0.2ms)[0m   [0mDROP TABLE "users"[0m
  [4;36;1mSQL (0.1ms)[0m   [0;1mDELETE FROM schema_migrations WHERE version = '20180715073230'[0m
  [4;35;1mSQL (0.1ms)[0m   [0m SELECT name
 FROM sqlite_master
 WHERE type = 'table' AND NOT name = 'sqlite_sequence'
[0m
  [4;36;1mSQL (0.0ms)[0m   [0;1mSELECT version FROM schema_migrations[0m
  [4;35;1mSQL (0.1ms)[0m   [0m SELECT name
 FROM sqlite_master
 WHERE type = 'table' AND NOT name = 'sqlite_sequence'
[0m
  [4;36;1mSQL (0.2ms)[0m   [0;1m SELECT name
 FROM sqlite_master
 WHERE type = 'table' AND NOT name = 'sqlite_sequence'
[0m
  [4;35;1mSQL (0.0ms)[0m   [0mSELECT version FROM schema_migrations[0m
Migrating to CreateUsers (20180715073230)
  [4;36;1mSQL (0.0ms)[0m   [0;1mselect sqlite_version(*)[0m
  [4;35;1mSQL (0.2ms)[0m   [0mCREATE TABLE "users" ("id" INTEGER PRIMARY KEY AUTOINCREMENT NOT NULL, "name" varchar(255), "password_hash" varchar(255), "created_at" datetime, "updated_at" datetime) [0m
  [4;36;1mSQL (0.1ms)[0m   [0;1mINSERT INTO schema_migrations (version) VALUES ('20180715073230')[0m
  [4;35;1mSQL (0.1ms)[0m   [0m SELECT name
 FROM sqlite_master
 WHERE type = 'table' AND NOT name = 'sqlite_sequence'
[0m
  [4;36;1mSQL (0.1ms)[0m   [0;1mSELECT version FROM schema_migrations[0m
  [4;35;1mSQL (0.1ms)[0m   [0m SELECT name
 FROM sqlite_master
 WHERE type = 'table' AND NOT name = 'sqlite_sequence'
[0m
  [4;36;1mSQL (0.0ms)[0m   [0;1mPRAGMA index_list("users")[0m
  [4;36;1mSQL (0.2ms)[0m   [0;1m SELECT name
 FROM sqlite_master
 WHERE type = 'table' AND NOT name = 'sqlite_sequence'
[0m
  [4;35;1mSQL (0.0ms)[0m   [0mSELECT version FROM schema_migrations[0m
  [4;36;1mSQL (0.0ms)[0m   [0;1m SELECT name
 FROM sqlite_master
 WHERE type = 'table' AND NOT name = 'sqlite_sequence'
[0m
  [4;35;1mSQL (0.0ms)[0m   [0mSELECT version FROM schema_migrations[0m
Migrating to CreateUsers (20180715073230)
  [4;36;1mSQL (0.0ms)[0m   [0;1mselect sqlite_version(*)[0m
  [4;35;1mSQL (0.2ms)[0m   [0mDROP TABLE "users"[0m
  [4;36;1mSQL (0.1ms)[0m   [0;1mDELETE FROM schema_migrations WHERE version = '20180715073230'[0m
  [4;35;1mSQL (0.1ms)[0m   [0m SELECT name
 FROM sqlite_master
 WHERE type = 'table' AND NOT name = 'sqlite_sequence'
[0m
  [4;36;1mSQL (0.0ms)[0m   [0;1mSELECT version FROM schema_migrations[0m
  [4;35;1mSQL (0.1ms)[0m   [0m SELECT name
 FROM sqlite_master
 WHERE type = 'table' AND NOT name = 'sqlite_sequence'
[0m
  [4;36;1mSQL (0.1ms)[0m   [0;1mPRAGMA index_list("demo")[0m
  [4;36;1mSQL (0.2ms)[0m   [0;1m SELECT name
 FROM sqlite_master
 WHERE type = 'table' AND NOT name = 'sqlite_sequence'
[0m
  [4;35;1mSQL (0.0ms)[0m   [0mSELECT version FROM schema_migrations[0m
Migrating to CreateUsers (20180715073230)
  [4;36;1mSQL (0.0ms)[0m   [0;1mselect sqlite_version(*)[0m
  [4;35;1mSQL (0.2ms)[0m   [0mCREATE TABLE "users" ("id" INTEGER PRIMARY KEY AUTOINCREMENT NOT NULL, "name" varchar(255), "password_hash" varchar(255), "created_at" datetime, "updated_at" datetime) [0m
  [4;36;1mSQL (0.1ms)[0m   [0;1mINSERT INTO schema_migrations (version) VALUES ('20180715073230')[0m
  [4;35;1mSQL (0.3ms)[0m   [0m SELECT name
 FROM sqlite_master
 WHERE type = 'table' AND NOT name = 'sqlite_sequence'
[0m
  [4;36;1mSQL (0.1ms)[0m   [0;1mSELECT version FROM schema_migrations[0m
  [4;35;1mSQL (0.1ms)[0m   [0m SELECT name
 FROM sqlite_master
 WHERE type = 'table' AND NOT name = 'sqlite_sequence'
[0m
  [4;36;1mSQL (0.0ms)[0m   [0;1mPRAGMA index_list("demo")[0m
  [4;35;1mSQL (0.1ms)[0m   [0mPRAGMA index_list("users")[0m
  [4;36;1mSQL (0.2ms)[0m   [0;1mselect sqlite_version(*)[0m
  [4;35;1mSQL (0.1ms)[0m   [0m SELECT name
 FROM sqlite_master
 WHERE type = 'table' AND NOT name = 'sqlite_sequence'
[0m
  [4;36;1mSQL (1.7ms)[0m   [0;1mDROP TABLE "demo"[0m
  [4;35;1mSQL (1.2ms)[0m   [0mCREATE TABLE "demo" ("val" integer) [0m
  [4;36;1mSQL (0.1ms)[0m   [0;1m SELECT name
 FROM sqlite_master
 WHERE type = 'table' AND NOT name = 'sqlite_sequence'
[0m
  [4;35;1mSQL (1.9ms)[0m   [0mDROP TABLE "users"[0m
  [4;36;1mSQL (1.9ms)[0m   [0;1mCREATE TABLE "users" ("id" INTEGER PRIMARY KEY AUTOINCREMENT NOT NULL, "name" varchar(255), "password_hash" varchar(255), "created_at" datetime, "updated_at" datetime) [0m
  [4;35;1mSQL (0.1ms)[0m   [0m SELECT name
 FROM sqlite_master
 WHERE type = 'table' AND NOT name = 'sqlite_sequence'
[0m
  [4;36;1mSQL (0.2ms)[0m   [0;1mSELECT version FROM "schema_migrations"[0m
  [4;36;1mSQL (1.1ms)[0m   [0;1m SELECT name
 FROM sqlite_master
 WHERE type = 'table' AND NOT name = 'sqlite_sequence'
[0m
  [4;36;1mSQL (0.2ms)[0m   [0;1m SELECT name
 FROM sqlite_master
 WHERE type = 'table' AND NOT name = 'sqlite_sequence'
[0m
  [4;35;1mSQL (0.0ms)[0m   [0mSELECT version FROM schema_migrations[0m
  [4;36;1mSQL (0.1ms)[0m   [0;1m SELECT name
 FROM sqlite_master
 WHERE type = 'table' AND NOT name = 'sqlite_sequence'
[0m
  [4;35;1mSQL (0.0ms)[0m   [0mSELECT version FROM schema_migrations[0m
Migrating to CreateUsers (20180715073230)
  [4;36;1mSQL (0.0ms)[0m   [0;1mselect sqlite_version(*)[0m
  [4;35;1mSQL (0.2ms)[0m   [0mDROP TABLE "users"[0m
  [4;36;1mSQL (0.1ms)[0m   [0;1mDELETE FROM schema_migrations WHERE version = '20180715073230'[0m
  [4;35;1mSQL (0.3ms)[0m   [0m SELECT name
 FROM sqlite_master
 WHERE type = 'table' AND NOT name = 'sqlite_sequence'
[0m
  [4;36;1mSQL (0.1ms)[0m   [0;1mSELECT version FROM schema_migrations[0m
  [4;35;1mSQL (0.2ms)[0m   [0m SELECT name
 FROM sqlite_master
 WHERE type = 'table' AND NOT name = 'sqlite_sequence'
[0m
  [4;36;1mSQL (0.0ms)[0m   [0;1mPRAGMA index_list("demo")[0m
  [4;36;1mSQL (0.2ms)[0m   [0;1m SELECT name
 FROM sqlite_master
 WHERE type = 'table' AND NOT name = 'sqlite_sequence'
[0m
  [4;35;1mSQL (0.0ms)[0m   [0mSELECT version FROM schema_migrations[0m
Migrating to CreateUsers (20180715083233)
  [4;36;1mSQL (0.0ms)[0m   [0;1mselect sqlite_version(*)[0m
  [4;35;1mSQL (0.2ms)[0m   [0mCREATE TABLE "users" ("id" INTEGER PRIMARY KEY AUTOINCREMENT NOT NULL, "name" varchar(255), "password_hash" varchar(255), "created_at" datetime, "updated_at" datetime) [0m
  [4;36;1mSQL (0.0ms)[0m   [0;1mINSERT INTO schema_migrations (version) VALUES ('20180715083233')[0m
  [4;35;1mSQL (0.1ms)[0m   [0m SELECT name
 FROM sqlite_master
 WHERE type = 'table' AND NOT name = 'sqlite_sequence'
[0m
  [4;36;1mSQL (0.0ms)[0m   [0;1mSELECT version FROM schema_migrations[0m
  [4;35;1mSQL (0.0ms)[0m   [0m SELECT name
 FROM sqlite_master
 WHERE type = 'table' AND NOT name = 'sqlite_sequence'
[0m
  [4;36;1mSQL (0.0ms)[0m   [0;1mPRAGMA index_list("demo")[0m
  [4;35;1mSQL (0.0ms)[0m   [0mPRAGMA index_list("users")[0m
  [4;36;1mSQL (0.3ms)[0m   [0;1m SELECT name
 FROM sqlite_master
 WHERE type = 'table' AND NOT name = 'sqlite_sequence'
[0m
  [4;35;1mUser Load (0.2ms)[0m   [0mSELECT * FROM "users" LIMIT 1[0m
  [4;36;1mUser Create (0.4ms)[0m   [0;1mINSERT INTO "users" ("name", "password_hash", "created_at", "updated_at") VALUES('ynon', 'demo', '2018-07-15 08:37:12', '2018-07-15 08:37:12')[0m
  [4;36;1mUser Create (0.7ms)[0m   [0;1mINSERT INTO "users" ("name", "password_hash", "created_at", "updated_at") VALUES('ynon', '2a97516c354b68848cdbd8f54a226a0a55b21ed138e207ad6c5cbb9c00aa5aea', '2018-07-15 08:41:59', '2018-07-15 08:41:59')[0m
  [4;35;1mUser Load (0.2ms)[0m   [0mSELECT * FROM "users" LIMIT 1[0m
  [4;36;1mSQL (0.3ms)[0m   [0;1m SELECT name
 FROM sqlite_master
 WHERE type = 'table' AND NOT name = 'sqlite_sequence'
[0m
  [4;35;1mSQL (0.0ms)[0m   [0mSELECT version FROM schema_migrations[0m
  [4;36;1mSQL (0.1ms)[0m   [0;1mselect sqlite_version(*)[0m
  [4;35;1mSQL (0.0ms)[0m   [0m SELECT name
 FROM sqlite_master
 WHERE type = 'table' AND NOT name = 'sqlite_sequence'
[0m
  [4;36;1mSQL (2.7ms)[0m   [0;1mCREATE TABLE "demo" ("val" integer) [0m
  [4;35;1mSQL (0.1ms)[0m   [0m SELECT name
 FROM sqlite_master
 WHERE type = 'table' AND NOT name = 'sqlite_sequence'
[0m
  [4;36;1mSQL (2.7ms)[0m   [0;1mCREATE TABLE "users" ("id" INTEGER PRIMARY KEY AUTOINCREMENT NOT NULL, "name" varchar(255), "password_hash" varchar(255), "created_at" datetime, "updated_at" datetime) [0m
  [4;35;1mSQL (0.1ms)[0m   [0m SELECT name
 FROM sqlite_master
 WHERE type = 'table' AND NOT name = 'sqlite_sequence'
[0m
  [4;36;1mSQL (2.4ms)[0m   [0;1mCREATE TABLE "schema_migrations" ("version" varchar(255) NOT NULL) [0m
  [4;35;1mSQL (0.1ms)[0m   [0mPRAGMA index_list("schema_migrations")[0m
  [4;36;1mSQL (1.7ms)[0m   [0;1mCREATE UNIQUE INDEX "unique_schema_migrations" ON "schema_migrations" ("version")[0m
  [4;35;1mSQL (0.1ms)[0m   [0m SELECT name
 FROM sqlite_master
 WHERE type = 'table' AND NOT name = 'sqlite_sequence'
[0m
  [4;36;1mSQL (0.0ms)[0m   [0;1mSELECT version FROM "schema_migrations"[0m
  [4;35;1mSQL (1.1ms)[0m   [0mINSERT INTO "schema_migrations" (version) VALUES ('20180715083233')[0m
  [4;36;1mSQL (0.2ms)[0m   [0;1m SELECT name
 FROM sqlite_master
 WHERE type = 'table' AND NOT name = 'sqlite_sequence'
[0m
  [4;35;1mSQL (0.0ms)[0m   [0mSELECT version FROM schema_migrations[0m
  [4;36;1mSQL (0.2ms)[0m   [0;1mselect sqlite_version(*)[0m
  [4;35;1mSQL (0.1ms)[0m   [0m SELECT name
 FROM sqlite_master
 WHERE type = 'table' AND NOT name = 'sqlite_sequence'
[0m
  [4;36;1mSQL (2.8ms)[0m   [0;1mCREATE TABLE "demo" ("val" integer) [0m
  [4;35;1mSQL (0.1ms)[0m   [0m SELECT name
 FROM sqlite_master
 WHERE type = 'table' AND NOT name = 'sqlite_sequence'
[0m
  [4;36;1mSQL (2.6ms)[0m   [0;1mCREATE TABLE "users" ("id" INTEGER PRIMARY KEY AUTOINCREMENT NOT NULL, "name" varchar(255), "password_hash" varchar(255), "created_at" datetime, "updated_at" datetime) [0m
  [4;35;1mSQL (0.2ms)[0m   [0m SELECT name
 FROM sqlite_master
 WHERE type = 'table' AND NOT name = 'sqlite_sequence'
[0m
  [4;36;1mSQL (2.7ms)[0m   [0;1mCREATE TABLE "schema_migrations" ("version" varchar(255) NOT NULL) [0m
  [4;35;1mSQL (0.1ms)[0m   [0mPRAGMA index_list("schema_migrations")[0m
  [4;36;1mSQL (2.6ms)[0m   [0;1mCREATE UNIQUE INDEX "unique_schema_migrations" ON "schema_migrations" ("version")[0m
  [4;35;1mSQL (0.1ms)[0m   [0m SELECT name
 FROM sqlite_master
 WHERE type = 'table' AND NOT name = 'sqlite_sequence'
[0m
  [4;36;1mSQL (0.0ms)[0m   [0;1mSELECT version FROM "schema_migrations"[0m
  [4;35;1mSQL (1.4ms)[0m   [0mINSERT INTO "schema_migrations" (version) VALUES ('20180715083233')[0m
  [4;36;1mUser Load (0.3ms)[0m   [0;1mSELECT * FROM "users" LIMIT 1[0m
  [4;35;1mUser Load (0.2ms)[0m   [0mSELECT * FROM "users" LIMIT 1[0m
  [4;36;1mSQL (0.2ms)[0m   [0;1m SELECT name
 FROM sqlite_master
 WHERE type = 'table' AND NOT name = 'sqlite_sequence'
[0m
  [4;35;1mSQL (0.0ms)[0m   [0mSELECT version FROM schema_migrations[0m
  [4;36;1mSQL (0.1ms)[0m   [0;1mselect sqlite_version(*)[0m
  [4;35;1mSQL (0.0ms)[0m   [0m SELECT name
 FROM sqlite_master
 WHERE type = 'table' AND NOT name = 'sqlite_sequence'
[0m
  [4;36;1mSQL (4.5ms)[0m   [0;1mCREATE TABLE "demo" ("val" integer) [0m
  [4;35;1mSQL (0.1ms)[0m   [0m SELECT name
 FROM sqlite_master
 WHERE type = 'table' AND NOT name = 'sqlite_sequence'
[0m
  [4;36;1mSQL (2.0ms)[0m   [0;1mCREATE TABLE "users" ("id" INTEGER PRIMARY KEY AUTOINCREMENT NOT NULL, "name" varchar(255), "password_hash" varchar(255), "created_at" datetime, "updated_at" datetime) [0m
  [4;35;1mSQL (0.1ms)[0m   [0m SELECT name
 FROM sqlite_master
 WHERE type = 'table' AND NOT name = 'sqlite_sequence'
[0m
  [4;36;1mSQL (1.7ms)[0m   [0;1mCREATE TABLE "schema_migrations" ("version" varchar(255) NOT NULL) [0m
  [4;35;1mSQL (0.0ms)[0m   [0mPRAGMA index_list("schema_migrations")[0m
  [4;36;1mSQL (2.0ms)[0m   [0;1mCREATE UNIQUE INDEX "unique_schema_migrations" ON "schema_migrations" ("version")[0m
  [4;35;1mSQL (0.1ms)[0m   [0m SELECT name
 FROM sqlite_master
 WHERE type = 'table' AND NOT name = 'sqlite_sequence'
[0m
  [4;36;1mSQL (0.0ms)[0m   [0;1mSELECT version FROM "schema_migrations"[0m
  [4;35;1mSQL (1.4ms)[0m   [0mINSERT INTO "schema_migrations" (version) VALUES ('20180715083233')[0m
  [4;36;1mSQL (0.2ms)[0m   [0;1m SELECT name
 FROM sqlite_master
 WHERE type = 'table' AND NOT name = 'sqlite_sequence'
[0m
  [4;35;1mSQL (0.1ms)[0m   [0mSELECT version FROM schema_migrations[0m
  [4;36;1mSQL (0.1ms)[0m   [0;1mselect sqlite_version(*)[0m
  [4;35;1mSQL (0.0ms)[0m   [0m SELECT name
 FROM sqlite_master
 WHERE type = 'table' AND NOT name = 'sqlite_sequence'
[0m
  [4;36;1mSQL (3.1ms)[0m   [0;1mCREATE TABLE "demo" ("val" integer) [0m
  [4;35;1mSQL (0.2ms)[0m   [0m SELECT name
 FROM sqlite_master
 WHERE type = 'table' AND NOT name = 'sqlite_sequence'
[0m
  [4;36;1mSQL (3.9ms)[0m   [0;1mCREATE TABLE "users" ("id" INTEGER PRIMARY KEY AUTOINCREMENT NOT NULL, "name" varchar(255), "password_hash" varchar(255), "created_at" datetime, "updated_at" datetime) [0m
  [4;35;1mSQL (0.1ms)[0m   [0m SELECT name
 FROM sqlite_master
 WHERE type = 'table' AND NOT name = 'sqlite_sequence'
[0m
  [4;36;1mSQL (2.6ms)[0m   [0;1mCREATE TABLE "schema_migrations" ("version" varchar(255) NOT NULL) [0m
  [4;35;1mSQL (0.1ms)[0m   [0mPRAGMA index_list("schema_migrations")[0m
  [4;36;1mSQL (4.0ms)[0m   [0;1mCREATE UNIQUE INDEX "unique_schema_migrations" ON "schema_migrations" ("version")[0m
  [4;35;1mSQL (0.1ms)[0m   [0m SELECT name
 FROM sqlite_master
 WHERE type = 'table' AND NOT name = 'sqlite_sequence'
[0m
  [4;36;1mSQL (0.0ms)[0m   [0;1mSELECT version FROM "schema_migrations"[0m
  [4;35;1mSQL (2.3ms)[0m   [0mINSERT INTO "schema_migrations" (version) VALUES ('20180715083233')[0m
  [4;36;1mSQL (0.2ms)[0m   [0;1m SELECT name
 FROM sqlite_master
 WHERE type = 'table' AND NOT name = 'sqlite_sequence'
[0m
  [4;35;1mSQL (0.0ms)[0m   [0mSELECT version FROM schema_migrations[0m
  [4;36;1mSQL (0.1ms)[0m   [0;1mselect sqlite_version(*)[0m
  [4;35;1mSQL (0.0ms)[0m   [0m SELECT name
 FROM sqlite_master
 WHERE type = 'table' AND NOT name = 'sqlite_sequence'
[0m
  [4;36;1mSQL (2.2ms)[0m   [0;1mCREATE TABLE "demo" ("val" integer) [0m
  [4;35;1mSQL (0.1ms)[0m   [0m SELECT name
 FROM sqlite_master
 WHERE type = 'table' AND NOT name = 'sqlite_sequence'
[0m
  [4;36;1mSQL (2.0ms)[0m   [0;1mCREATE TABLE "users" ("id" INTEGER PRIMARY KEY AUTOINCREMENT NOT NULL, "name" varchar(255), "password_hash" varchar(255), "created_at" datetime, "updated_at" datetime) [0m
  [4;35;1mSQL (0.1ms)[0m   [0m SELECT name
 FROM sqlite_master
 WHERE type = 'table' AND NOT name = 'sqlite_sequence'
[0m
  [4;36;1mSQL (2.6ms)[0m   [0;1mCREATE TABLE "schema_migrations" ("version" varchar(255) NOT NULL) [0m
  [4;35;1mSQL (0.0ms)[0m   [0mPRAGMA index_list("schema_migrations")[0m
  [4;36;1mSQL (1.9ms)[0m   [0;1mCREATE UNIQUE INDEX "unique_schema_migrations" ON "schema_migrations" ("version")[0m
  [4;35;1mSQL (0.1ms)[0m   [0m SELECT name
 FROM sqlite_master
 WHERE type = 'table' AND NOT name = 'sqlite_sequence'
[0m
  [4;36;1mSQL (0.1ms)[0m   [0;1mSELECT version FROM "schema_migrations"[0m
  [4;35;1mSQL (1.7ms)[0m   [0mINSERT INTO "schema_migrations" (version) VALUES ('20180715083233')[0m
  [4;36;1mSQL (0.2ms)[0m   [0;1m SELECT name
 FROM sqlite_master
 WHERE type = 'table' AND NOT name = 'sqlite_sequence'
[0m
  [4;35;1mSQL (0.0ms)[0m   [0mSELECT version FROM schema_migrations[0m
  [4;36;1mSQL (0.1ms)[0m   [0;1mselect sqlite_version(*)[0m
  [4;35;1mSQL (0.0ms)[0m   [0m SELECT name
 FROM sqlite_master
 WHERE type = 'table' AND NOT name = 'sqlite_sequence'
[0m
  [4;36;1mSQL (11.7ms)[0m   [0;1mCREATE TABLE "demo" ("val" integer) [0m
  [4;35;1mSQL (0.1ms)[0m   [0m SELECT name
 FROM sqlite_master
 WHERE type = 'table' AND NOT name = 'sqlite_sequence'
[0m
  [4;36;1mSQL (4.9ms)[0m   [0;1mCREATE TABLE "users" ("id" INTEGER PRIMARY KEY AUTOINCREMENT NOT NULL, "name" varchar(255), "password_hash" varchar(255), "created_at" datetime, "updated_at" datetime) [0m
  [4;35;1mSQL (0.1ms)[0m   [0m SELECT name
 FROM sqlite_master
 WHERE type = 'table' AND NOT name = 'sqlite_sequence'
[0m
  [4;36;1mSQL (2.1ms)[0m   [0;1mCREATE TABLE "schema_migrations" ("version" varchar(255) NOT NULL) [0m
  [4;35;1mSQL (0.1ms)[0m   [0mPRAGMA index_list("schema_migrations")[0m
  [4;36;1mSQL (1.9ms)[0m   [0;1mCREATE UNIQUE INDEX "unique_schema_migrations" ON "schema_migrations" ("version")[0m
  [4;35;1mSQL (0.1ms)[0m   [0m SELECT name
 FROM sqlite_master
 WHERE type = 'table' AND NOT name = 'sqlite_sequence'
[0m
  [4;36;1mSQL (0.0ms)[0m   [0;1mSELECT version FROM "schema_migrations"[0m
  [4;35;1mSQL (1.3ms)[0m   [0mINSERT INTO "schema_migrations" (version) VALUES ('20180715083233')[0m
  [4;36;1mSQL (0.2ms)[0m   [0;1m SELECT name
 FROM sqlite_master
 WHERE type = 'table' AND NOT name = 'sqlite_sequence'
[0m
  [4;35;1mSQL (0.0ms)[0m   [0mSELECT version FROM schema_migrations[0m
  [4;36;1mSQL (0.1ms)[0m   [0;1mselect sqlite_version(*)[0m
  [4;35;1mSQL (0.0ms)[0m   [0m SELECT name
 FROM sqlite_master
 WHERE type = 'table' AND NOT name = 'sqlite_sequence'
[0m
  [4;36;1mSQL (2.6ms)[0m   [0;1mCREATE TABLE "demo" ("val" integer) [0m
  [4;35;1mSQL (0.1ms)[0m   [0m SELECT name
 FROM sqlite_master
 WHERE type = 'table' AND NOT name = 'sqlite_sequence'
[0m
  [4;36;1mSQL (3.0ms)[0m   [0;1mCREATE TABLE "users" ("id" INTEGER PRIMARY KEY AUTOINCREMENT NOT NULL, "name" varchar(255), "password_hash" varchar(255), "created_at" datetime, "updated_at" datetime) [0m
  [4;35;1mSQL (0.1ms)[0m   [0m SELECT name
 FROM sqlite_master
 WHERE type = 'table' AND NOT name = 'sqlite_sequence'
[0m
  [4;36;1mSQL (2.2ms)[0m   [0;1mCREATE TABLE "schema_migrations" ("version" varchar(255) NOT NULL) [0m
  [4;35;1mSQL (0.0ms)[0m   [0mPRAGMA index_list("schema_migrations")[0m
  [4;36;1mSQL (1.7ms)[0m   [0;1mCREATE UNIQUE INDEX "unique_schema_migrations" ON "schema_migrations" ("version")[0m
  [4;35;1mSQL (0.1ms)[0m   [0m SELECT name
 FROM sqlite_master
 WHERE type = 'table' AND NOT name = 'sqlite_sequence'
[0m
  [4;36;1mSQL (0.0ms)[0m   [0;1mSELECT version FROM "schema_migrations"[0m
  [4;35;1mSQL (1.2ms)[0m   [0mINSERT INTO "schema_migrations" (version) VALUES ('20180715083233')[0m
  [4;36;1mSQL (0.2ms)[0m   [0;1m SELECT name
 FROM sqlite_master
 WHERE type = 'table' AND NOT name = 'sqlite_sequence'
[0m
  [4;35;1mSQL (0.0ms)[0m   [0mSELECT version FROM schema_migrations[0m
  [4;36;1mSQL (0.1ms)[0m   [0;1mselect sqlite_version(*)[0m
  [4;35;1mSQL (0.0ms)[0m   [0m SELECT name
 FROM sqlite_master
 WHERE type = 'table' AND NOT name = 'sqlite_sequence'
[0m
  [4;36;1mSQL (3.0ms)[0m   [0;1mCREATE TABLE "demo" ("val" integer) [0m
  [4;35;1mSQL (0.1ms)[0m   [0m SELECT name
 FROM sqlite_master
 WHERE type = 'table' AND NOT name = 'sqlite_sequence'
[0m
  [4;36;1mSQL (2.6ms)[0m   [0;1mCREATE TABLE "users" ("id" INTEGER PRIMARY KEY AUTOINCREMENT NOT NULL, "name" varchar(255), "password_hash" varchar(255), "created_at" datetime, "updated_at" datetime) [0m
  [4;35;1mSQL (0.1ms)[0m   [0m SELECT name
 FROM sqlite_master
 WHERE type = 'table' AND NOT name = 'sqlite_sequence'
[0m
  [4;36;1mSQL (2.0ms)[0m   [0;1mCREATE TABLE "schema_migrations" ("version" varchar(255) NOT NULL) [0m
  [4;35;1mSQL (0.0ms)[0m   [0mPRAGMA index_list("schema_migrations")[0m
  [4;36;1mSQL (1.5ms)[0m   [0;1mCREATE UNIQUE INDEX "unique_schema_migrations" ON "schema_migrations" ("version")[0m
  [4;35;1mSQL (0.1ms)[0m   [0m SELECT name
 FROM sqlite_master
 WHERE type = 'table' AND NOT name = 'sqlite_sequence'
[0m
  [4;36;1mSQL (0.0ms)[0m   [0;1mSELECT version FROM "schema_migrations"[0m
  [4;35;1mSQL (1.1ms)[0m   [0mINSERT INTO "schema_migrations" (version) VALUES ('20180715083233')[0m
  [4;36;1mUser Load (0.2ms)[0m   [0;1mSELECT * FROM "users" WHERE ("users"."name" = 'ynon') LIMIT 1[0m
  [4;36;1mSQL (0.2ms)[0m   [0;1m SELECT name
 FROM sqlite_master
 WHERE type = 'table' AND NOT name = 'sqlite_sequence'
[0m
  [4;35;1mSQL (0.0ms)[0m   [0mSELECT version FROM schema_migrations[0m
  [4;36;1mSQL (0.1ms)[0m   [0;1mselect sqlite_version(*)[0m
  [4;35;1mSQL (0.0ms)[0m   [0m SELECT name
 FROM sqlite_master
 WHERE type = 'table' AND NOT name = 'sqlite_sequence'
[0m
  [4;36;1mSQL (3.0ms)[0m   [0;1mCREATE TABLE "demo" ("val" integer) [0m
  [4;35;1mSQL (0.1ms)[0m   [0m SELECT name
 FROM sqlite_master
 WHERE type = 'table' AND NOT name = 'sqlite_sequence'
[0m
  [4;36;1mSQL (3.0ms)[0m   [0;1mCREATE TABLE "users" ("id" INTEGER PRIMARY KEY AUTOINCREMENT NOT NULL, "name" varchar(255), "password_hash" varchar(255), "created_at" datetime, "updated_at" datetime) [0m
  [4;35;1mSQL (0.1ms)[0m   [0m SELECT name
 FROM sqlite_master
 WHERE type = 'table' AND NOT name = 'sqlite_sequence'
[0m
  [4;36;1mSQL (2.4ms)[0m   [0;1mCREATE TABLE "schema_migrations" ("version" varchar(255) NOT NULL) [0m
  [4;35;1mSQL (0.0ms)[0m   [0mPRAGMA index_list("schema_migrations")[0m
  [4;36;1mSQL (1.7ms)[0m   [0;1mCREATE UNIQUE INDEX "unique_schema_migrations" ON "schema_migrations" ("version")[0m
  [4;35;1mSQL (0.1ms)[0m   [0m SELECT name
 FROM sqlite_master
 WHERE type = 'table' AND NOT name = 'sqlite_sequence'
[0m
  [4;36;1mSQL (0.0ms)[0m   [0;1mSELECT version FROM "schema_migrations"[0m
  [4;35;1mSQL (1.1ms)[0m   [0mINSERT INTO "schema_migrations" (version) VALUES ('20180715083233')[0m
  [4;36;1mSQL (0.2ms)[0m   [0;1m SELECT name
 FROM sqlite_master
 WHERE type = 'table' AND NOT name = 'sqlite_sequence'
[0m
  [4;35;1mSQL (0.1ms)[0m   [0mSELECT version FROM schema_migrations[0m
  [4;36;1mSQL (0.1ms)[0m   [0;1mselect sqlite_version(*)[0m
  [4;35;1mSQL (0.0ms)[0m   [0m SELECT name
 FROM sqlite_master
 WHERE type = 'table' AND NOT name = 'sqlite_sequence'
[0m
  [4;36;1mSQL (2.9ms)[0m   [0;1mCREATE TABLE "demo" ("val" integer) [0m
  [4;35;1mSQL (0.1ms)[0m   [0m SELECT name
 FROM sqlite_master
 WHERE type = 'table' AND NOT name = 'sqlite_sequence'
[0m
  [4;36;1mSQL (2.5ms)[0m   [0;1mCREATE TABLE "users" ("id" INTEGER PRIMARY KEY AUTOINCREMENT NOT NULL, "name" varchar(255), "password_hash" varchar(255), "created_at" datetime, "updated_at" datetime) [0m
  [4;35;1mSQL (0.1ms)[0m   [0m SELECT name
 FROM sqlite_master
 WHERE type = 'table' AND NOT name = 'sqlite_sequence'
[0m
  [4;36;1mSQL (2.3ms)[0m   [0;1mCREATE TABLE "schema_migrations" ("version" varchar(255) NOT NULL) [0m
  [4;35;1mSQL (0.0ms)[0m   [0mPRAGMA index_list("schema_migrations")[0m
  [4;36;1mSQL (1.8ms)[0m   [0;1mCREATE UNIQUE INDEX "unique_schema_migrations" ON "schema_migrations" ("version")[0m
  [4;35;1mSQL (0.1ms)[0m   [0m SELECT name
 FROM sqlite_master
 WHERE type = 'table' AND NOT name = 'sqlite_sequence'
[0m
  [4;36;1mSQL (0.0ms)[0m   [0;1mSELECT version FROM "schema_migrations"[0m
  [4;35;1mSQL (1.0ms)[0m   [0mINSERT INTO "schema_migrations" (version) VALUES ('20180715083233')[0m
  [4;36;1mSQL (0.2ms)[0m   [0;1m SELECT name
 FROM sqlite_master
 WHERE type = 'table' AND NOT name = 'sqlite_sequence'
[0m
  [4;35;1mSQL (0.1ms)[0m   [0mSELECT version FROM schema_migrations[0m
  [4;36;1mSQL (0.1ms)[0m   [0;1mselect sqlite_version(*)[0m
  [4;35;1mSQL (0.1ms)[0m   [0m SELECT name
 FROM sqlite_master
 WHERE type = 'table' AND NOT name = 'sqlite_sequence'
[0m
  [4;36;1mSQL (1.8ms)[0m   [0;1mCREATE TABLE "demo" ("val" integer) [0m
  [4;35;1mSQL (0.1ms)[0m   [0m SELECT name
 FROM sqlite_master
 WHERE type = 'table' AND NOT name = 'sqlite_sequence'
[0m
  [4;36;1mSQL (2.4ms)[0m   [0;1mCREATE TABLE "users" ("id" INTEGER PRIMARY KEY AUTOINCREMENT NOT NULL, "name" varchar(255), "password_hash" varchar(255), "created_at" datetime, "updated_at" datetime) [0m
  [4;35;1mSQL (0.1ms)[0m   [0m SELECT name
 FROM sqlite_master
 WHERE type = 'table' AND NOT name = 'sqlite_sequence'
[0m
  [4;36;1mSQL (1.9ms)[0m   [0;1mCREATE TABLE "schema_migrations" ("version" varchar(255) NOT NULL) [0m
  [4;35;1mSQL (0.1ms)[0m   [0mPRAGMA index_list("schema_migrations")[0m
  [4;36;1mSQL (1.8ms)[0m   [0;1mCREATE UNIQUE INDEX "unique_schema_migrations" ON "schema_migrations" ("version")[0m
  [4;35;1mSQL (0.1ms)[0m   [0m SELECT name
 FROM sqlite_master
 WHERE type = 'table' AND NOT name = 'sqlite_sequence'
[0m
  [4;36;1mSQL (0.0ms)[0m   [0;1mSELECT version FROM "schema_migrations"[0m
  [4;35;1mSQL (1.2ms)[0m   [0mINSERT INTO "schema_migrations" (version) VALUES ('20180715083233')[0m


Processing ApplicationController#index (for 127.0.0.1 at 2018-07-15 13:33:56) [GET]

ActionController::RoutingError (No route matches "/service-worker.js" with {:method=>:get}):
  <internal:prelude>:10:in `synchronize'
  /usr/share/rvm/rubies/ruby-1.9.3-p551/lib/ruby/1.9.1/webrick/httpserver.rb:138:in `service'
  /usr/share/rvm/rubies/ruby-1.9.3-p551/lib/ruby/1.9.1/webrick/httpserver.rb:94:in `run'
  /usr/share/rvm/rubies/ruby-1.9.3-p551/lib/ruby/1.9.1/webrick/server.rb:191:in `block in start_thread'

Rendering rescues/layout (not_found)


Processing HomeController#index (for 127.0.0.1 at 2018-07-15 13:34:51) [GET]
Rendering home/index
Completed in 11ms (View: 10, DB: 0) | 200 OK [http://localhost/]


Processing ApplicationController#index (for 127.0.0.1 at 2018-07-15 13:34:52) [GET]

ActionController::RoutingError (No route matches "/service-worker.js" with {:method=>:get}):
  <internal:prelude>:10:in `synchronize'
  /usr/share/rvm/rubies/ruby-1.9.3-p551/lib/ruby/1.9.1/webrick/httpserver.rb:138:in `service'
  /usr/share/rvm/rubies/ruby-1.9.3-p551/lib/ruby/1.9.1/webrick/httpserver.rb:94:in `run'
  /usr/share/rvm/rubies/ruby-1.9.3-p551/lib/ruby/1.9.1/webrick/server.rb:191:in `block in start_thread'

Rendering rescues/layout (not_found)


Processing ApplicationController#index (for 127.0.0.1 at 2018-07-15 13:35:11) [GET]

ActionController::RoutingError (No route matches "/index" with {:method=>:get}):
  <internal:prelude>:10:in `synchronize'
  /usr/share/rvm/rubies/ruby-1.9.3-p551/lib/ruby/1.9.1/webrick/httpserver.rb:138:in `service'
  /usr/share/rvm/rubies/ruby-1.9.3-p551/lib/ruby/1.9.1/webrick/httpserver.rb:94:in `run'
  /usr/share/rvm/rubies/ruby-1.9.3-p551/lib/ruby/1.9.1/webrick/server.rb:191:in `block in start_thread'

Rendering rescues/layout (not_found)


Processing ApplicationController#index (for 127.0.0.1 at 2018-07-15 13:35:12) [GET]

ActionController::RoutingError (No route matches "/service-worker.js" with {:method=>:get}):
  <internal:prelude>:10:in `synchronize'
  /usr/share/rvm/rubies/ruby-1.9.3-p551/lib/ruby/1.9.1/webrick/httpserver.rb:138:in `service'
  /usr/share/rvm/rubies/ruby-1.9.3-p551/lib/ruby/1.9.1/webrick/httpserver.rb:94:in `run'
  /usr/share/rvm/rubies/ruby-1.9.3-p551/lib/ruby/1.9.1/webrick/server.rb:191:in `block in start_thread'

Rendering rescues/layout (not_found)


Processing HomeController#index (for 127.0.0.1 at 2018-07-15 13:35:14) [GET]
Rendering home/index
Completed in 4ms (View: 2, DB: 0) | 200 OK [http://localhost/home]


Processing ApplicationController#index (for 127.0.0.1 at 2018-07-15 13:35:15) [GET]

ActionController::RoutingError (No route matches "/service-worker.js" with {:method=>:get}):
  <internal:prelude>:10:in `synchronize'
  /usr/share/rvm/rubies/ruby-1.9.3-p551/lib/ruby/1.9.1/webrick/httpserver.rb:138:in `service'
  /usr/share/rvm/rubies/ruby-1.9.3-p551/lib/ruby/1.9.1/webrick/httpserver.rb:94:in `run'
  /usr/share/rvm/rubies/ruby-1.9.3-p551/lib/ruby/1.9.1/webrick/server.rb:191:in `block in start_thread'

Rendering rescues/layout (not_found)


Processing HomeController#index (for 127.0.0.1 at 2018-07-15 13:47:46) [GET]
  [4;36;1mUser Load (0.9ms)[0m   [0;1mSELECT * FROM "users" [0m
Rendering home/index
Completed in 33ms (View: 28, DB: 1) | 200 OK [http://localhost/home]


Processing ApplicationController#index (for 127.0.0.1 at 2018-07-15 13:47:47) [GET]

ActionController::RoutingError (No route matches "/service-worker.js" with {:method=>:get}):
  <internal:prelude>:10:in `synchronize'
  /usr/share/rvm/rubies/ruby-1.9.3-p551/lib/ruby/1.9.1/webrick/httpserver.rb:138:in `service'
  /usr/share/rvm/rubies/ruby-1.9.3-p551/lib/ruby/1.9.1/webrick/httpserver.rb:94:in `run'
  /usr/share/rvm/rubies/ruby-1.9.3-p551/lib/ruby/1.9.1/webrick/server.rb:191:in `block in start_thread'

Rendering rescues/layout (not_found)
  [4;36;1mSQL (0.2ms)[0m   [0;1m SELECT name
 FROM sqlite_master
 WHERE type = 'table' AND NOT name = 'sqlite_sequence'
[0m
  [4;35;1mSQL (0.0ms)[0m   [0mSELECT version FROM schema_migrations[0m
  [4;36;1mSQL (0.1ms)[0m   [0;1mselect sqlite_version(*)[0m
  [4;35;1mSQL (0.1ms)[0m   [0m SELECT name
 FROM sqlite_master
 WHERE type = 'table' AND NOT name = 'sqlite_sequence'
[0m
  [4;36;1mSQL (1.8ms)[0m   [0;1mCREATE TABLE "demo" ("val" integer) [0m
  [4;35;1mSQL (0.1ms)[0m   [0m SELECT name
 FROM sqlite_master
 WHERE type = 'table' AND NOT name = 'sqlite_sequence'
[0m
  [4;36;1mSQL (1.8ms)[0m   [0;1mCREATE TABLE "users" ("id" INTEGER PRIMARY KEY AUTOINCREMENT NOT NULL, "name" varchar(255), "password_hash" varchar(255), "created_at" datetime, "updated_at" datetime) [0m
  [4;35;1mSQL (0.2ms)[0m   [0m SELECT name
 FROM sqlite_master
 WHERE type = 'table' AND NOT name = 'sqlite_sequence'
[0m
  [4;36;1mSQL (3.2ms)[0m   [0;1mCREATE TABLE "schema_migrations" ("version" varchar(255) NOT NULL) [0m
  [4;35;1mSQL (0.2ms)[0m   [0mPRAGMA index_list("schema_migrations")[0m
  [4;36;1mSQL (2.3ms)[0m   [0;1mCREATE UNIQUE INDEX "unique_schema_migrations" ON "schema_migrations" ("version")[0m
  [4;35;1mSQL (0.1ms)[0m   [0m SELECT name
 FROM sqlite_master
 WHERE type = 'table' AND NOT name = 'sqlite_sequence'
[0m
  [4;36;1mSQL (0.0ms)[0m   [0;1mSELECT version FROM "schema_migrations"[0m
  [4;35;1mSQL (1.6ms)[0m   [0mINSERT INTO "schema_migrations" (version) VALUES ('20180715083233')[0m
  [4;36;1mSQL (0.2ms)[0m   [0;1m SELECT name
 FROM sqlite_master
 WHERE type = 'table' AND NOT name = 'sqlite_sequence'
[0m
  [4;35;1mSQL (0.1ms)[0m   [0mSELECT version FROM schema_migrations[0m
  [4;36;1mSQL (0.1ms)[0m   [0;1mselect sqlite_version(*)[0m
  [4;35;1mSQL (0.0ms)[0m   [0m SELECT name
 FROM sqlite_master
 WHERE type = 'table' AND NOT name = 'sqlite_sequence'
[0m
  [4;36;1mSQL (2.2ms)[0m   [0;1mCREATE TABLE "demo" ("val" integer) [0m
  [4;35;1mSQL (0.1ms)[0m   [0m SELECT name
 FROM sqlite_master
 WHERE type = 'table' AND NOT name = 'sqlite_sequence'
[0m
  [4;36;1mSQL (2.4ms)[0m   [0;1mCREATE TABLE "users" ("id" INTEGER PRIMARY KEY AUTOINCREMENT NOT NULL, "name" varchar(255), "password_hash" varchar(255), "created_at" datetime, "updated_at" datetime) [0m
  [4;35;1mSQL (0.1ms)[0m   [0m SELECT name
 FROM sqlite_master
 WHERE type = 'table' AND NOT name = 'sqlite_sequence'
[0m
  [4;36;1mSQL (2.2ms)[0m   [0;1mCREATE TABLE "schema_migrations" ("version" varchar(255) NOT NULL) [0m
  [4;35;1mSQL (0.0ms)[0m   [0mPRAGMA index_list("schema_migrations")[0m
  [4;36;1mSQL (2.2ms)[0m   [0;1mCREATE UNIQUE INDEX "unique_schema_migrations" ON "schema_migrations" ("version")[0m
  [4;35;1mSQL (0.1ms)[0m   [0m SELECT name
 FROM sqlite_master
 WHERE type = 'table' AND NOT name = 'sqlite_sequence'
[0m
  [4;36;1mSQL (0.0ms)[0m   [0;1mSELECT version FROM "schema_migrations"[0m
  [4;35;1mSQL (1.8ms)[0m   [0mINSERT INTO "schema_migrations" (version) VALUES ('20180715083233')[0m
  [4;36;1mSQL (0.2ms)[0m   [0;1m SELECT name
 FROM sqlite_master
 WHERE type = 'table' AND NOT name = 'sqlite_sequence'
[0m
  [4;35;1mSQL (0.0ms)[0m   [0mSELECT version FROM schema_migrations[0m
  [4;36;1mSQL (0.1ms)[0m   [0;1mselect sqlite_version(*)[0m
  [4;35;1mSQL (0.0ms)[0m   [0m SELECT name
 FROM sqlite_master
 WHERE type = 'table' AND NOT name = 'sqlite_sequence'
[0m
  [4;36;1mSQL (2.8ms)[0m   [0;1mCREATE TABLE "demo" ("val" integer) [0m
  [4;35;1mSQL (0.1ms)[0m   [0m SELECT name
 FROM sqlite_master
 WHERE type = 'table' AND NOT name = 'sqlite_sequence'
[0m
  [4;36;1mSQL (2.9ms)[0m   [0;1mCREATE TABLE "users" ("id" INTEGER PRIMARY KEY AUTOINCREMENT NOT NULL, "name" varchar(255), "password_hash" varchar(255), "created_at" datetime, "updated_at" datetime) [0m
  [4;35;1mSQL (0.1ms)[0m   [0m SELECT name
 FROM sqlite_master
 WHERE type = 'table' AND NOT name = 'sqlite_sequence'
[0m
  [4;36;1mSQL (2.0ms)[0m   [0;1mCREATE TABLE "schema_migrations" ("version" varchar(255) NOT NULL) [0m
  [4;35;1mSQL (0.0ms)[0m   [0mPRAGMA index_list("schema_migrations")[0m
  [4;36;1mSQL (1.6ms)[0m   [0;1mCREATE UNIQUE INDEX "unique_schema_migrations" ON "schema_migrations" ("version")[0m
  [4;35;1mSQL (0.1ms)[0m   [0m SELECT name
 FROM sqlite_master
 WHERE type = 'table' AND NOT name = 'sqlite_sequence'
[0m
  [4;36;1mSQL (0.0ms)[0m   [0;1mSELECT version FROM "schema_migrations"[0m
  [4;35;1mSQL (1.1ms)[0m   [0mINSERT INTO "schema_migrations" (version) VALUES ('20180715083233')[0m
  [4;36;1mSQL (0.2ms)[0m   [0;1m SELECT name
 FROM sqlite_master
 WHERE type = 'table' AND NOT name = 'sqlite_sequence'
[0m
  [4;35;1mSQL (0.0ms)[0m   [0mSELECT version FROM schema_migrations[0m
  [4;36;1mSQL (0.1ms)[0m   [0;1mselect sqlite_version(*)[0m
  [4;35;1mSQL (0.0ms)[0m   [0m SELECT name
 FROM sqlite_master
 WHERE type = 'table' AND NOT name = 'sqlite_sequence'
[0m
  [4;36;1mSQL (1.8ms)[0m   [0;1mCREATE TABLE "demo" ("val" integer) [0m
  [4;35;1mSQL (0.1ms)[0m   [0m SELECT name
 FROM sqlite_master
 WHERE type = 'table' AND NOT name = 'sqlite_sequence'
[0m
  [4;36;1mSQL (2.1ms)[0m   [0;1mCREATE TABLE "users" ("id" INTEGER PRIMARY KEY AUTOINCREMENT NOT NULL, "name" varchar(255), "password_hash" varchar(255), "created_at" datetime, "updated_at" datetime) [0m
  [4;35;1mSQL (0.1ms)[0m   [0m SELECT name
 FROM sqlite_master
 WHERE type = 'table' AND NOT name = 'sqlite_sequence'
[0m
  [4;36;1mSQL (2.4ms)[0m   [0;1mCREATE TABLE "schema_migrations" ("version" varchar(255) NOT NULL) [0m
  [4;35;1mSQL (0.1ms)[0m   [0mPRAGMA index_list("schema_migrations")[0m
  [4;36;1mSQL (2.1ms)[0m   [0;1mCREATE UNIQUE INDEX "unique_schema_migrations" ON "schema_migrations" ("version")[0m
  [4;35;1mSQL (0.1ms)[0m   [0m SELECT name
 FROM sqlite_master
 WHERE type = 'table' AND NOT name = 'sqlite_sequence'
[0m
  [4;36;1mSQL (0.3ms)[0m   [0;1mSELECT version FROM "schema_migrations"[0m
  [4;35;1mSQL (2.6ms)[0m   [0mINSERT INTO "schema_migrations" (version) VALUES ('20180715083233')[0m
  [4;36;1mSQL (0.2ms)[0m   [0;1m SELECT name
 FROM sqlite_master
 WHERE type = 'table' AND NOT name = 'sqlite_sequence'
[0m
  [4;35;1mSQL (0.0ms)[0m   [0mSELECT version FROM schema_migrations[0m
  [4;36;1mSQL (0.1ms)[0m   [0;1mselect sqlite_version(*)[0m
  [4;35;1mSQL (0.0ms)[0m   [0m SELECT name
 FROM sqlite_master
 WHERE type = 'table' AND NOT name = 'sqlite_sequence'
[0m
  [4;36;1mSQL (10.9ms)[0m   [0;1mCREATE TABLE "demo" ("val" integer) [0m
  [4;35;1mSQL (0.1ms)[0m   [0m SELECT name
 FROM sqlite_master
 WHERE type = 'table' AND NOT name = 'sqlite_sequence'
[0m
  [4;36;1mSQL (1.9ms)[0m   [0;1mCREATE TABLE "users" ("id" INTEGER PRIMARY KEY AUTOINCREMENT NOT NULL, "name" varchar(255), "password_hash" varchar(255), "created_at" datetime, "updated_at" datetime) [0m
  [4;35;1mSQL (0.1ms)[0m   [0m SELECT name
 FROM sqlite_master
 WHERE type = 'table' AND NOT name = 'sqlite_sequence'
[0m
  [4;36;1mSQL (1.9ms)[0m   [0;1mCREATE TABLE "schema_migrations" ("version" varchar(255) NOT NULL) [0m
  [4;35;1mSQL (0.1ms)[0m   [0mPRAGMA index_list("schema_migrations")[0m
  [4;36;1mSQL (1.6ms)[0m   [0;1mCREATE UNIQUE INDEX "unique_schema_migrations" ON "schema_migrations" ("version")[0m
  [4;35;1mSQL (0.1ms)[0m   [0m SELECT name
 FROM sqlite_master
 WHERE type = 'table' AND NOT name = 'sqlite_sequence'
[0m
  [4;36;1mSQL (0.2ms)[0m   [0;1mSELECT version FROM "schema_migrations"[0m
  [4;35;1mSQL (1.4ms)[0m   [0mINSERT INTO "schema_migrations" (version) VALUES ('20180715083233')[0m
  [4;36;1mSQL (0.2ms)[0m   [0;1m SELECT name
 FROM sqlite_master
 WHERE type = 'table' AND NOT name = 'sqlite_sequence'
[0m
  [4;35;1mSQL (0.0ms)[0m   [0mSELECT version FROM schema_migrations[0m
  [4;36;1mSQL (0.1ms)[0m   [0;1mselect sqlite_version(*)[0m
  [4;35;1mSQL (0.0ms)[0m   [0m SELECT name
 FROM sqlite_master
 WHERE type = 'table' AND NOT name = 'sqlite_sequence'
[0m
  [4;36;1mSQL (3.1ms)[0m   [0;1mCREATE TABLE "demo" ("val" integer) [0m
  [4;35;1mSQL (0.1ms)[0m   [0m SELECT name
 FROM sqlite_master
 WHERE type = 'table' AND NOT name = 'sqlite_sequence'
[0m
  [4;36;1mSQL (2.4ms)[0m   [0;1mCREATE TABLE "users" ("id" INTEGER PRIMARY KEY AUTOINCREMENT NOT NULL, "name" varchar(255), "password_hash" varchar(255), "created_at" datetime, "updated_at" datetime) [0m
  [4;35;1mSQL (0.1ms)[0m   [0m SELECT name
 FROM sqlite_master
 WHERE type = 'table' AND NOT name = 'sqlite_sequence'
[0m
  [4;36;1mSQL (3.4ms)[0m   [0;1mCREATE TABLE "schema_migrations" ("version" varchar(255) NOT NULL) [0m
  [4;35;1mSQL (0.1ms)[0m   [0mPRAGMA index_list("schema_migrations")[0m
  [4;36;1mSQL (1.5ms)[0m   [0;1mCREATE UNIQUE INDEX "unique_schema_migrations" ON "schema_migrations" ("version")[0m
  [4;35;1mSQL (0.1ms)[0m   [0m SELECT name
 FROM sqlite_master
 WHERE type = 'table' AND NOT name = 'sqlite_sequence'
[0m
  [4;36;1mSQL (0.0ms)[0m   [0;1mSELECT version FROM "schema_migrations"[0m
  [4;35;1mSQL (1.1ms)[0m   [0mINSERT INTO "schema_migrations" (version) VALUES ('20180715083233')[0m
  [4;36;1mSQL (0.2ms)[0m   [0;1m SELECT name
 FROM sqlite_master
 WHERE type = 'table' AND NOT name = 'sqlite_sequence'
[0m
  [4;35;1mSQL (0.0ms)[0m   [0mSELECT version FROM schema_migrations[0m
  [4;36;1mSQL (0.1ms)[0m   [0;1mselect sqlite_version(*)[0m
  [4;35;1mSQL (0.0ms)[0m   [0m SELECT name
 FROM sqlite_master
 WHERE type = 'table' AND NOT name = 'sqlite_sequence'
[0m
  [4;36;1mSQL (2.9ms)[0m   [0;1mCREATE TABLE "demo" ("val" integer) [0m
  [4;35;1mSQL (0.1ms)[0m   [0m SELECT name
 FROM sqlite_master
 WHERE type = 'table' AND NOT name = 'sqlite_sequence'
[0m
  [4;36;1mSQL (3.4ms)[0m   [0;1mCREATE TABLE "users" ("id" INTEGER PRIMARY KEY AUTOINCREMENT NOT NULL, "name" varchar(255), "password_hash" varchar(255), "created_at" datetime, "updated_at" datetime) [0m
  [4;35;1mSQL (0.1ms)[0m   [0m SELECT name
 FROM sqlite_master
 WHERE type = 'table' AND NOT name = 'sqlite_sequence'
[0m
  [4;36;1mSQL (2.8ms)[0m   [0;1mCREATE TABLE "schema_migrations" ("version" varchar(255) NOT NULL) [0m
  [4;35;1mSQL (0.0ms)[0m   [0mPRAGMA index_list("schema_migrations")[0m
  [4;36;1mSQL (2.2ms)[0m   [0;1mCREATE UNIQUE INDEX "unique_schema_migrations" ON "schema_migrations" ("version")[0m
  [4;35;1mSQL (0.1ms)[0m   [0m SELECT name
 FROM sqlite_master
 WHERE type = 'table' AND NOT name = 'sqlite_sequence'
[0m
  [4;36;1mSQL (0.0ms)[0m   [0;1mSELECT version FROM "schema_migrations"[0m
  [4;35;1mSQL (1.6ms)[0m   [0mINSERT INTO "schema_migrations" (version) VALUES ('20180715083233')[0m
  [4;36;1mSQL (0.2ms)[0m   [0;1m SELECT name
 FROM sqlite_master
 WHERE type = 'table' AND NOT name = 'sqlite_sequence'
[0m
  [4;35;1mSQL (0.0ms)[0m   [0mSELECT version FROM schema_migrations[0m
  [4;36;1mSQL (0.1ms)[0m   [0;1mselect sqlite_version(*)[0m
  [4;35;1mSQL (0.1ms)[0m   [0m SELECT name
 FROM sqlite_master
 WHERE type = 'table' AND NOT name = 'sqlite_sequence'
[0m
  [4;36;1mSQL (2.7ms)[0m   [0;1mCREATE TABLE "demo" ("val" integer) [0m
  [4;35;1mSQL (0.1ms)[0m   [0m SELECT name
 FROM sqlite_master
 WHERE type = 'table' AND NOT name = 'sqlite_sequence'
[0m
  [4;36;1mSQL (2.4ms)[0m   [0;1mCREATE TABLE "users" ("id" INTEGER PRIMARY KEY AUTOINCREMENT NOT NULL, "name" varchar(255), "password_hash" varchar(255), "created_at" datetime, "updated_at" datetime) [0m
  [4;35;1mSQL (0.1ms)[0m   [0m SELECT name
 FROM sqlite_master
 WHERE type = 'table' AND NOT name = 'sqlite_sequence'
[0m
  [4;36;1mSQL (2.1ms)[0m   [0;1mCREATE TABLE "schema_migrations" ("version" varchar(255) NOT NULL) [0m
  [4;35;1mSQL (0.1ms)[0m   [0mPRAGMA index_list("schema_migrations")[0m
  [4;36;1mSQL (2.2ms)[0m   [0;1mCREATE UNIQUE INDEX "unique_schema_migrations" ON "schema_migrations" ("version")[0m
  [4;35;1mSQL (0.1ms)[0m   [0m SELECT name
 FROM sqlite_master
 WHERE type = 'table' AND NOT name = 'sqlite_sequence'
[0m
  [4;36;1mSQL (0.0ms)[0m   [0;1mSELECT version FROM "schema_migrations"[0m
  [4;35;1mSQL (1.5ms)[0m   [0mINSERT INTO "schema_migrations" (version) VALUES ('20180715083233')[0m
  [4;36;1mSQL (0.2ms)[0m   [0;1m SELECT name
 FROM sqlite_master
 WHERE type = 'table' AND NOT name = 'sqlite_sequence'
[0m
  [4;35;1mSQL (0.0ms)[0m   [0mSELECT version FROM schema_migrations[0m
  [4;36;1mSQL (0.1ms)[0m   [0;1mselect sqlite_version(*)[0m
  [4;35;1mSQL (0.0ms)[0m   [0m SELECT name
 FROM sqlite_master
 WHERE type = 'table' AND NOT name = 'sqlite_sequence'
[0m
  [4;36;1mSQL (2.7ms)[0m   [0;1mCREATE TABLE "demo" ("val" integer) [0m
  [4;35;1mSQL (0.1ms)[0m   [0m SELECT name
 FROM sqlite_master
 WHERE type = 'table' AND NOT name = 'sqlite_sequence'
[0m
  [4;36;1mSQL (2.5ms)[0m   [0;1mCREATE TABLE "users" ("id" INTEGER PRIMARY KEY AUTOINCREMENT NOT NULL, "name" varchar(255), "password_hash" varchar(255), "created_at" datetime, "updated_at" datetime) [0m
  [4;35;1mSQL (0.1ms)[0m   [0m SELECT name
 FROM sqlite_master
 WHERE type = 'table' AND NOT name = 'sqlite_sequence'
[0m
  [4;36;1mSQL (2.6ms)[0m   [0;1mCREATE TABLE "schema_migrations" ("version" varchar(255) NOT NULL) [0m
  [4;35;1mSQL (0.0ms)[0m   [0mPRAGMA index_list("schema_migrations")[0m
  [4;36;1mSQL (1.7ms)[0m   [0;1mCREATE UNIQUE INDEX "unique_schema_migrations" ON "schema_migrations" ("version")[0m
  [4;35;1mSQL (0.1ms)[0m   [0m SELECT name
 FROM sqlite_master
 WHERE type = 'table' AND NOT name = 'sqlite_sequence'
[0m
  [4;36;1mSQL (0.0ms)[0m   [0;1mSELECT version FROM "schema_migrations"[0m
  [4;35;1mSQL (1.5ms)[0m   [0mINSERT INTO "schema_migrations" (version) VALUES ('20180715083233')[0m


Processing HomeController#index (for 127.0.0.1 at 2018-07-15 13:55:19) [GET]
  [4;36;1mUser Load (0.7ms)[0m   [0;1mSELECT * FROM "users" [0m
Rendering home/index
Completed in 33ms (View: 27, DB: 1) | 200 OK [http://localhost/home]


Processing ApplicationController#index (for 127.0.0.1 at 2018-07-15 13:55:20) [GET]

ActionController::RoutingError (No route matches "/service-worker.js" with {:method=>:get}):
  <internal:prelude>:10:in `synchronize'
  /usr/share/rvm/rubies/ruby-1.9.3-p551/lib/ruby/1.9.1/webrick/httpserver.rb:138:in `service'
  /usr/share/rvm/rubies/ruby-1.9.3-p551/lib/ruby/1.9.1/webrick/httpserver.rb:94:in `run'
  /usr/share/rvm/rubies/ruby-1.9.3-p551/lib/ruby/1.9.1/webrick/server.rb:191:in `block in start_thread'

Rendering rescues/layout (not_found)


Processing ApplicationController#index (for 127.0.0.1 at 2018-07-15 13:55:23) [GET]

ActionController::RoutingError (No route matches "/service-worker.js" with {:method=>:get}):
  <internal:prelude>:10:in `synchronize'
  /usr/share/rvm/rubies/ruby-1.9.3-p551/lib/ruby/1.9.1/webrick/httpserver.rb:138:in `service'
  /usr/share/rvm/rubies/ruby-1.9.3-p551/lib/ruby/1.9.1/webrick/httpserver.rb:94:in `run'
  /usr/share/rvm/rubies/ruby-1.9.3-p551/lib/ruby/1.9.1/webrick/server.rb:191:in `block in start_thread'

Rendering rescues/layout (not_found)


Processing HomeController#index (for 127.0.0.1 at 2018-07-15 13:56:34) [GET]
  [4;36;1mUser Load (0.9ms)[0m   [0;1mSELECT * FROM "users" [0m
Rendering template within layouts/application
Rendering home/index
Completed in 39ms (View: 34, DB: 1) | 200 OK [http://localhost/home]


Processing HomeController#index (for 127.0.0.1 at 2018-07-15 13:56:37) [GET]
  [4;35;1mUser Load (0.3ms)[0m   [0mSELECT * FROM "users" [0m
Rendering template within layouts/application
Rendering home/index
Completed in 3ms (View: 1, DB: 0) | 200 OK [http://localhost/home]


Processing ApplicationController#index (for 127.0.0.1 at 2018-07-15 13:56:38) [GET]

ActionController::RoutingError (No route matches "/service-worker.js" with {:method=>:get}):
  <internal:prelude>:10:in `synchronize'
  /usr/share/rvm/rubies/ruby-1.9.3-p551/lib/ruby/1.9.1/webrick/httpserver.rb:138:in `service'
  /usr/share/rvm/rubies/ruby-1.9.3-p551/lib/ruby/1.9.1/webrick/httpserver.rb:94:in `run'
  /usr/share/rvm/rubies/ruby-1.9.3-p551/lib/ruby/1.9.1/webrick/server.rb:191:in `block in start_thread'

Rendering rescues/layout (not_found)


Processing HomeController#index (for 127.0.0.1 at 2018-07-16 10:11:40) [GET]
  [4;36;1mUser Load (0.5ms)[0m   [0;1mSELECT * FROM "users" [0m
Rendering template within layouts/application
Rendering home/index
Completed in 36ms (View: 31, DB: 1) | 200 OK [http://localhost/]


Processing ApplicationController#index (for 127.0.0.1 at 2018-07-16 10:11:40) [GET]

ActionController::RoutingError (No route matches "/service-worker.js" with {:method=>:get}):
  <internal:prelude>:10:in `synchronize'
  /usr/share/rvm/rubies/ruby-1.9.3-p551/lib/ruby/1.9.1/webrick/httpserver.rb:138:in `service'
  /usr/share/rvm/rubies/ruby-1.9.3-p551/lib/ruby/1.9.1/webrick/httpserver.rb:94:in `run'
  /usr/share/rvm/rubies/ruby-1.9.3-p551/lib/ruby/1.9.1/webrick/server.rb:191:in `block in start_thread'

Rendering rescues/layout (not_found)


Processing RegistrationsController#new (for 127.0.0.1 at 2018-07-16 10:11:51) [GET]
Rendering template within layouts/application
Rendering registrations/new
Completed in 8ms (View: 6, DB: 0) | 200 OK [http://localhost/registration/new]


Processing ApplicationController#index (for 127.0.0.1 at 2018-07-16 10:11:52) [GET]

ActionController::RoutingError (No route matches "/service-worker.js" with {:method=>:get}):
  <internal:prelude>:10:in `synchronize'
  /usr/share/rvm/rubies/ruby-1.9.3-p551/lib/ruby/1.9.1/webrick/httpserver.rb:138:in `service'
  /usr/share/rvm/rubies/ruby-1.9.3-p551/lib/ruby/1.9.1/webrick/httpserver.rb:94:in `run'
  /usr/share/rvm/rubies/ruby-1.9.3-p551/lib/ruby/1.9.1/webrick/server.rb:191:in `block in start_thread'

Rendering rescues/layout (not_found)


Processing RegistrationsController#new (for 127.0.0.1 at 2018-07-16 10:12:44) [GET]
Rendering template within layouts/application
Rendering registrations/new
Completed in 6ms (View: 5, DB: 0) | 200 OK [http://localhost/registration/new]


Processing ApplicationController#index (for 127.0.0.1 at 2018-07-16 10:12:45) [GET]

ActionController::RoutingError (No route matches "/service-worker.js" with {:method=>:get}):
  <internal:prelude>:10:in `synchronize'
  /usr/share/rvm/rubies/ruby-1.9.3-p551/lib/ruby/1.9.1/webrick/httpserver.rb:138:in `service'
  /usr/share/rvm/rubies/ruby-1.9.3-p551/lib/ruby/1.9.1/webrick/httpserver.rb:94:in `run'
  /usr/share/rvm/rubies/ruby-1.9.3-p551/lib/ruby/1.9.1/webrick/server.rb:191:in `block in start_thread'

Rendering rescues/layout (not_found)


Processing RegistrationsController#new (for 127.0.0.1 at 2018-07-16 10:12:59) [GET]
Rendering template within layouts/application
Rendering registrations/new
Completed in 4ms (View: 3, DB: 0) | 200 OK [http://localhost/registration/new]


Processing ApplicationController#index (for 127.0.0.1 at 2018-07-16 10:13:00) [GET]

ActionController::RoutingError (No route matches "/service-worker.js" with {:method=>:get}):
  <internal:prelude>:10:in `synchronize'
  /usr/share/rvm/rubies/ruby-1.9.3-p551/lib/ruby/1.9.1/webrick/httpserver.rb:138:in `service'
  /usr/share/rvm/rubies/ruby-1.9.3-p551/lib/ruby/1.9.1/webrick/httpserver.rb:94:in `run'
  /usr/share/rvm/rubies/ruby-1.9.3-p551/lib/ruby/1.9.1/webrick/server.rb:191:in `block in start_thread'

Rendering rescues/layout (not_found)


Processing RegistrationsController#new (for 127.0.0.1 at 2018-07-16 10:13:01) [GET]
Rendering template within layouts/application
Rendering registrations/new
Completed in 19ms (View: 18, DB: 0) | 200 OK [http://localhost/registration/new]


Processing ApplicationController#index (for 127.0.0.1 at 2018-07-16 10:13:02) [GET]

ActionController::RoutingError (No route matches "/service-worker.js" with {:method=>:get}):
  <internal:prelude>:10:in `synchronize'
  /usr/share/rvm/rubies/ruby-1.9.3-p551/lib/ruby/1.9.1/webrick/httpserver.rb:138:in `service'
  /usr/share/rvm/rubies/ruby-1.9.3-p551/lib/ruby/1.9.1/webrick/httpserver.rb:94:in `run'
  /usr/share/rvm/rubies/ruby-1.9.3-p551/lib/ruby/1.9.1/webrick/server.rb:191:in `block in start_thread'

Rendering rescues/layout (not_found)


Processing RegistrationsController#new (for 127.0.0.1 at 2018-07-16 10:14:17) [GET]
Rendering template within layouts/application
Rendering registrations/new
Completed in 6ms (View: 5, DB: 0) | 200 OK [http://localhost/registration/new]


Processing ApplicationController#index (for 127.0.0.1 at 2018-07-16 10:14:18) [GET]

ActionController::RoutingError (No route matches "/service-worker.js" with {:method=>:get}):
  <internal:prelude>:10:in `synchronize'
  /usr/share/rvm/rubies/ruby-1.9.3-p551/lib/ruby/1.9.1/webrick/httpserver.rb:138:in `service'
  /usr/share/rvm/rubies/ruby-1.9.3-p551/lib/ruby/1.9.1/webrick/httpserver.rb:94:in `run'
  /usr/share/rvm/rubies/ruby-1.9.3-p551/lib/ruby/1.9.1/webrick/server.rb:191:in `block in start_thread'

Rendering rescues/layout (not_found)


Processing RegistrationsController#new (for 127.0.0.1 at 2018-07-16 10:14:47) [GET]
Rendering template within layouts/application
Rendering registrations/new
Completed in 5ms (View: 3, DB: 0) | 200 OK [http://localhost/registration/new]


Processing ApplicationController#index (for 127.0.0.1 at 2018-07-16 10:14:48) [GET]

ActionController::RoutingError (No route matches "/service-worker.js" with {:method=>:get}):
  <internal:prelude>:10:in `synchronize'
  /usr/share/rvm/rubies/ruby-1.9.3-p551/lib/ruby/1.9.1/webrick/httpserver.rb:138:in `service'
  /usr/share/rvm/rubies/ruby-1.9.3-p551/lib/ruby/1.9.1/webrick/httpserver.rb:94:in `run'
  /usr/share/rvm/rubies/ruby-1.9.3-p551/lib/ruby/1.9.1/webrick/server.rb:191:in `block in start_thread'

Rendering rescues/layout (not_found)


Processing RegistrationsController#new (for 127.0.0.1 at 2018-07-16 10:15:29) [GET]
Rendering template within layouts/application
Rendering registrations/new
Completed in 8ms (View: 7, DB: 0) | 200 OK [http://localhost/registration/new]


Processing ApplicationController#index (for 127.0.0.1 at 2018-07-16 10:15:30) [GET]

ActionController::RoutingError (No route matches "/service-worker.js" with {:method=>:get}):
  <internal:prelude>:10:in `synchronize'
  /usr/share/rvm/rubies/ruby-1.9.3-p551/lib/ruby/1.9.1/webrick/httpserver.rb:138:in `service'
  /usr/share/rvm/rubies/ruby-1.9.3-p551/lib/ruby/1.9.1/webrick/httpserver.rb:94:in `run'
  /usr/share/rvm/rubies/ruby-1.9.3-p551/lib/ruby/1.9.1/webrick/server.rb:191:in `block in start_thread'

Rendering rescues/layout (not_found)


Processing RegistrationsController#new (for 127.0.0.1 at 2018-07-16 10:18:03) [GET]
Rendering template within layouts/application
Rendering registrations/new
Completed in 4ms (View: 3, DB: 0) | 200 OK [http://localhost/registration/new]


Processing ApplicationController#index (for 127.0.0.1 at 2018-07-16 10:18:04) [GET]

ActionController::RoutingError (No route matches "/service-worker.js" with {:method=>:get}):
  <internal:prelude>:10:in `synchronize'
  /usr/share/rvm/rubies/ruby-1.9.3-p551/lib/ruby/1.9.1/webrick/httpserver.rb:138:in `service'
  /usr/share/rvm/rubies/ruby-1.9.3-p551/lib/ruby/1.9.1/webrick/httpserver.rb:94:in `run'
  /usr/share/rvm/rubies/ruby-1.9.3-p551/lib/ruby/1.9.1/webrick/server.rb:191:in `block in start_thread'

Rendering rescues/layout (not_found)


Processing ApplicationController#index (for 127.0.0.1 at 2018-07-16 10:18:07) [GET]

ActionController::RoutingError (No route matches "/service-worker.js" with {:method=>:get}):
  <internal:prelude>:10:in `synchronize'
  /usr/share/rvm/rubies/ruby-1.9.3-p551/lib/ruby/1.9.1/webrick/httpserver.rb:138:in `service'
  /usr/share/rvm/rubies/ruby-1.9.3-p551/lib/ruby/1.9.1/webrick/httpserver.rb:94:in `run'
  /usr/share/rvm/rubies/ruby-1.9.3-p551/lib/ruby/1.9.1/webrick/server.rb:191:in `block in start_thread'

Rendering rescues/layout (not_found)


Processing RegistrationsController#new (for 127.0.0.1 at 2018-07-16 10:21:08) [GET]
Rendering template within layouts/application
Rendering registrations/new
ERROR: compiling _run_erb_app47views47registrations47new46html46erb RAISED /home/ynon/perion-live/myapp/app/views/registrations/new.html.erb:10: syntax error, unexpected keyword_ensure, expecting $end
Function body: #coding:UTF-8
          def _run_erb_app47views47registrations47new46html46erb(local_assigns)
            old_output_buffer = output_buffer;;@output_buffer = '';  __in_erb_template=true ; @output_buffer.concat "<h1>Registrations#new</h1>\nhttp://localhost:3000/registration/new\n<p>Find me in app/views/registrations/new.html.erb</p>\n\n"



; @output_buffer.concat(( form_for(@user) ).to_s); @output_buffer.concat "\n  \n"

;  end ; @output_buffer.concat "\n\n"

; @output_buffer.force_encoding(__ENCODING__)
          ensure
            self.output_buffer = old_output_buffer
          end
Backtrace: /home/ynon/.rvm/gems/ruby-1.9.3-p551/gems/actionpack-2.3.18/lib/action_view/renderable.rb:91:in `module_eval'
/home/ynon/.rvm/gems/ruby-1.9.3-p551/gems/actionpack-2.3.18/lib/action_view/renderable.rb:91:in `compile!'
/home/ynon/.rvm/gems/ruby-1.9.3-p551/gems/actionpack-2.3.18/lib/action_view/renderable.rb:61:in `compile'
/home/ynon/.rvm/gems/ruby-1.9.3-p551/gems/actionpack-2.3.18/lib/action_view/renderable.rb:28:in `render'
/home/ynon/.rvm/gems/ruby-1.9.3-p551/gems/actionpack-2.3.18/lib/action_view/template.rb:205:in `render_template'
/home/ynon/.rvm/gems/ruby-1.9.3-p551/gems/actionpack-2.3.18/lib/action_view/base.rb:265:in `render'
/home/ynon/.rvm/gems/ruby-1.9.3-p551/gems/actionpack-2.3.18/lib/action_view/base.rb:348:in `_render_with_layout'
/home/ynon/.rvm/gems/ruby-1.9.3-p551/gems/actionpack-2.3.18/lib/action_view/base.rb:262:in `render'
/home/ynon/.rvm/gems/ruby-1.9.3-p551/gems/actionpack-2.3.18/lib/action_controller/base.rb:1252:in `render_for_file'
/home/ynon/.rvm/gems/ruby-1.9.3-p551/gems/actionpack-2.3.18/lib/action_controller/base.rb:936:in `render'
/home/ynon/.rvm/gems/ruby-1.9.3-p551/gems/actionpack-2.3.18/lib/action_controller/benchmarking.rb:51:in `block in render_with_benchmark'
/home/ynon/.rvm/gems/ruby-1.9.3-p551/gems/activesupport-2.3.18/lib/active_support/core_ext/benchmark.rb:17:in `block in ms'
/usr/share/rvm/rubies/ruby-1.9.3-p551/lib/ruby/1.9.1/benchmark.rb:295:in `realtime'
/home/ynon/.rvm/gems/ruby-1.9.3-p551/gems/activesupport-2.3.18/lib/active_support/core_ext/benchmark.rb:17:in `ms'
/home/ynon/.rvm/gems/ruby-1.9.3-p551/gems/actionpack-2.3.18/lib/action_controller/benchmarking.rb:51:in `render_with_benchmark'
/home/ynon/.rvm/gems/ruby-1.9.3-p551/gems/actionpack-2.3.18/lib/action_controller/base.rb:1328:in `default_render'
/home/ynon/.rvm/gems/ruby-1.9.3-p551/gems/actionpack-2.3.18/lib/action_controller/base.rb:1334:in `perform_action'
/home/ynon/.rvm/gems/ruby-1.9.3-p551/gems/actionpack-2.3.18/lib/action_controller/filters.rb:617:in `call_filters'
/home/ynon/.rvm/gems/ruby-1.9.3-p551/gems/actionpack-2.3.18/lib/action_controller/filters.rb:610:in `perform_action_with_filters'
/home/ynon/.rvm/gems/ruby-1.9.3-p551/gems/actionpack-2.3.18/lib/action_controller/benchmarking.rb:68:in `block in perform_action_with_benchmark'
/home/ynon/.rvm/gems/ruby-1.9.3-p551/gems/activesupport-2.3.18/lib/active_support/core_ext/benchmark.rb:17:in `block in ms'
/usr/share/rvm/rubies/ruby-1.9.3-p551/lib/ruby/1.9.1/benchmark.rb:295:in `realtime'
/home/ynon/.rvm/gems/ruby-1.9.3-p551/gems/activesupport-2.3.18/lib/active_support/core_ext/benchmark.rb:17:in `ms'
/home/ynon/.rvm/gems/ruby-1.9.3-p551/gems/actionpack-2.3.18/lib/action_controller/benchmarking.rb:68:in `perform_action_with_benchmark'
/home/ynon/.rvm/gems/ruby-1.9.3-p551/gems/actionpack-2.3.18/lib/action_controller/rescue.rb:160:in `perform_action_with_rescue'
/home/ynon/.rvm/gems/ruby-1.9.3-p551/gems/actionpack-2.3.18/lib/action_controller/flash.rb:151:in `perform_action_with_flash'
/home/ynon/.rvm/gems/ruby-1.9.3-p551/gems/actionpack-2.3.18/lib/action_controller/base.rb:532:in `process'
/home/ynon/.rvm/gems/ruby-1.9.3-p551/gems/actionpack-2.3.18/lib/action_controller/filters.rb:606:in `process_with_filters'
/home/ynon/.rvm/gems/ruby-1.9.3-p551/gems/actionpack-2.3.18/lib/action_controller/base.rb:391:in `process'
/home/ynon/.rvm/gems/ruby-1.9.3-p551/gems/actionpack-2.3.18/lib/action_controller/base.rb:386:in `call'
/home/ynon/.rvm/gems/ruby-1.9.3-p551/gems/actionpack-2.3.18/lib/action_controller/routing/route_set.rb:438:in `call'
/home/ynon/.rvm/gems/ruby-1.9.3-p551/gems/actionpack-2.3.18/lib/action_controller/dispatcher.rb:87:in `dispatch'
/home/ynon/.rvm/gems/ruby-1.9.3-p551/gems/actionpack-2.3.18/lib/action_controller/dispatcher.rb:121:in `_call'
/home/ynon/.rvm/gems/ruby-1.9.3-p551/gems/actionpack-2.3.18/lib/action_controller/dispatcher.rb:130:in `block in build_middleware_stack'
/home/ynon/.rvm/gems/ruby-1.9.3-p551/gems/activerecord-2.3.18/lib/active_record/query_cache.rb:29:in `call'
/home/ynon/.rvm/gems/ruby-1.9.3-p551/gems/activerecord-2.3.18/lib/active_record/query_cache.rb:29:in `block in call'
/home/ynon/.rvm/gems/ruby-1.9.3-p551/gems/activerecord-2.3.18/lib/active_record/connection_adapters/abstract/query_cache.rb:34:in `cache'
/home/ynon/.rvm/gems/ruby-1.9.3-p551/gems/activerecord-2.3.18/lib/active_record/query_cache.rb:9:in `cache'
/home/ynon/.rvm/gems/ruby-1.9.3-p551/gems/activerecord-2.3.18/lib/active_record/query_cache.rb:28:in `call'
/home/ynon/.rvm/gems/ruby-1.9.3-p551/gems/activerecord-2.3.18/lib/active_record/connection_adapters/abstract/connection_pool.rb:361:in `call'
/home/ynon/.rvm/gems/ruby-1.9.3-p551/gems/actionpack-2.3.18/lib/action_controller/string_coercion.rb:25:in `call'
/home/ynon/.rvm/gems/ruby-1.9.3-p551/gems/rack-1.1.6/lib/rack/head.rb:9:in `call'
/home/ynon/.rvm/gems/ruby-1.9.3-p551/gems/rack-1.1.6/lib/rack/methodoverride.rb:24:in `call'
/home/ynon/.rvm/gems/ruby-1.9.3-p551/gems/actionpack-2.3.18/lib/action_controller/params_parser.rb:15:in `call'
/home/ynon/.rvm/gems/ruby-1.9.3-p551/gems/actionpack-2.3.18/lib/action_controller/session/cookie_store.rb:99:in `call'
/home/ynon/.rvm/gems/ruby-1.9.3-p551/gems/actionpack-2.3.18/lib/action_controller/failsafe.rb:26:in `call'
/home/ynon/.rvm/gems/ruby-1.9.3-p551/gems/rack-1.1.6/lib/rack/lock.rb:11:in `block in call'
<internal:prelude>:10:in `synchronize'
/home/ynon/.rvm/gems/ruby-1.9.3-p551/gems/rack-1.1.6/lib/rack/lock.rb:11:in `call'
/home/ynon/.rvm/gems/ruby-1.9.3-p551/gems/actionpack-2.3.18/lib/action_controller/dispatcher.rb:114:in `block in call'
/home/ynon/.rvm/gems/ruby-1.9.3-p551/gems/actionpack-2.3.18/lib/action_controller/reloader.rb:34:in `run'
/home/ynon/.rvm/gems/ruby-1.9.3-p551/gems/actionpack-2.3.18/lib/action_controller/dispatcher.rb:108:in `call'
/home/ynon/.rvm/gems/ruby-1.9.3-p551/gems/rails-2.3.18/lib/rails/rack/static.rb:31:in `call'
/home/ynon/.rvm/gems/ruby-1.9.3-p551/gems/rack-1.1.6/lib/rack/urlmap.rb:47:in `block in call'
/home/ynon/.rvm/gems/ruby-1.9.3-p551/gems/rack-1.1.6/lib/rack/urlmap.rb:41:in `each'
/home/ynon/.rvm/gems/ruby-1.9.3-p551/gems/rack-1.1.6/lib/rack/urlmap.rb:41:in `call'
/home/ynon/.rvm/gems/ruby-1.9.3-p551/gems/rails-2.3.18/lib/rails/rack/log_tailer.rb:17:in `call'
/home/ynon/.rvm/gems/ruby-1.9.3-p551/gems/rack-1.1.6/lib/rack/content_length.rb:13:in `call'
/home/ynon/.rvm/gems/ruby-1.9.3-p551/gems/rack-1.1.6/lib/rack/handler/webrick.rb:48:in `service'
/usr/share/rvm/rubies/ruby-1.9.3-p551/lib/ruby/1.9.1/webrick/httpserver.rb:138:in `service'
/usr/share/rvm/rubies/ruby-1.9.3-p551/lib/ruby/1.9.1/webrick/httpserver.rb:94:in `run'
/usr/share/rvm/rubies/ruby-1.9.3-p551/lib/ruby/1.9.1/webrick/server.rb:191:in `block in start_thread'

ActionView::TemplateError (/home/ynon/perion-live/myapp/app/views/registrations/new.html.erb:10: syntax error, unexpected keyword_ensure, expecting $end) on line #10 of app/views/registrations/new.html.erb:
7: <% end %>

    <internal:prelude>:10:in `synchronize'
    /usr/share/rvm/rubies/ruby-1.9.3-p551/lib/ruby/1.9.1/webrick/httpserver.rb:138:in `service'
    /usr/share/rvm/rubies/ruby-1.9.3-p551/lib/ruby/1.9.1/webrick/httpserver.rb:94:in `run'
    /usr/share/rvm/rubies/ruby-1.9.3-p551/lib/ruby/1.9.1/webrick/server.rb:191:in `block in start_thread'

Rendered rescues/_trace (6.9ms)
Rendered rescues/_request_and_response (6.1ms)
Rendering rescues/layout (internal_server_error)


Processing ApplicationController#index (for 127.0.0.1 at 2018-07-16 10:21:09) [GET]

ActionController::RoutingError (No route matches "/service-worker.js" with {:method=>:get}):
  <internal:prelude>:10:in `synchronize'
  /usr/share/rvm/rubies/ruby-1.9.3-p551/lib/ruby/1.9.1/webrick/httpserver.rb:138:in `service'
  /usr/share/rvm/rubies/ruby-1.9.3-p551/lib/ruby/1.9.1/webrick/httpserver.rb:94:in `run'
  /usr/share/rvm/rubies/ruby-1.9.3-p551/lib/ruby/1.9.1/webrick/server.rb:191:in `block in start_thread'

Rendering rescues/layout (not_found)


Processing RegistrationsController#new (for 127.0.0.1 at 2018-07-16 10:21:26) [GET]
Rendering template within layouts/application
Rendering registrations/new
ERROR: compiling _run_erb_app47views47registrations47new46html46erb RAISED /home/ynon/perion-live/myapp/app/views/registrations/new.html.erb:5: syntax error, unexpected ')'
...t(( form_for(@user) do |form| ).to_s); @output_buffer.concat...
...                               ^
/home/ynon/perion-live/myapp/app/views/registrations/new.html.erb:10: syntax error, unexpected keyword_ensure, expecting ')'
/home/ynon/perion-live/myapp/app/views/registrations/new.html.erb:12: syntax error, unexpected keyword_end, expecting ')'
Function body: #coding:UTF-8
          def _run_erb_app47views47registrations47new46html46erb(local_assigns)
            old_output_buffer = output_buffer;;@output_buffer = '';  __in_erb_template=true ; @output_buffer.concat "<h1>Registrations#new</h1>\nhttp://localhost:3000/registration/new\n<p>Find me in app/views/registrations/new.html.erb</p>\n\n"



; @output_buffer.concat(( form_for(@user) do |form| ).to_s); @output_buffer.concat "\n  \n"

;  end ; @output_buffer.concat "\n\n"

; @output_buffer.force_encoding(__ENCODING__)
          ensure
            self.output_buffer = old_output_buffer
          end
Backtrace: /home/ynon/.rvm/gems/ruby-1.9.3-p551/gems/actionpack-2.3.18/lib/action_view/renderable.rb:91:in `module_eval'
/home/ynon/.rvm/gems/ruby-1.9.3-p551/gems/actionpack-2.3.18/lib/action_view/renderable.rb:91:in `compile!'
/home/ynon/.rvm/gems/ruby-1.9.3-p551/gems/actionpack-2.3.18/lib/action_view/renderable.rb:61:in `compile'
/home/ynon/.rvm/gems/ruby-1.9.3-p551/gems/actionpack-2.3.18/lib/action_view/renderable.rb:28:in `render'
/home/ynon/.rvm/gems/ruby-1.9.3-p551/gems/actionpack-2.3.18/lib/action_view/template.rb:205:in `render_template'
/home/ynon/.rvm/gems/ruby-1.9.3-p551/gems/actionpack-2.3.18/lib/action_view/base.rb:265:in `render'
/home/ynon/.rvm/gems/ruby-1.9.3-p551/gems/actionpack-2.3.18/lib/action_view/base.rb:348:in `_render_with_layout'
/home/ynon/.rvm/gems/ruby-1.9.3-p551/gems/actionpack-2.3.18/lib/action_view/base.rb:262:in `render'
/home/ynon/.rvm/gems/ruby-1.9.3-p551/gems/actionpack-2.3.18/lib/action_controller/base.rb:1252:in `render_for_file'
/home/ynon/.rvm/gems/ruby-1.9.3-p551/gems/actionpack-2.3.18/lib/action_controller/base.rb:936:in `render'
/home/ynon/.rvm/gems/ruby-1.9.3-p551/gems/actionpack-2.3.18/lib/action_controller/benchmarking.rb:51:in `block in render_with_benchmark'
/home/ynon/.rvm/gems/ruby-1.9.3-p551/gems/activesupport-2.3.18/lib/active_support/core_ext/benchmark.rb:17:in `block in ms'
/usr/share/rvm/rubies/ruby-1.9.3-p551/lib/ruby/1.9.1/benchmark.rb:295:in `realtime'
/home/ynon/.rvm/gems/ruby-1.9.3-p551/gems/activesupport-2.3.18/lib/active_support/core_ext/benchmark.rb:17:in `ms'
/home/ynon/.rvm/gems/ruby-1.9.3-p551/gems/actionpack-2.3.18/lib/action_controller/benchmarking.rb:51:in `render_with_benchmark'
/home/ynon/.rvm/gems/ruby-1.9.3-p551/gems/actionpack-2.3.18/lib/action_controller/base.rb:1328:in `default_render'
/home/ynon/.rvm/gems/ruby-1.9.3-p551/gems/actionpack-2.3.18/lib/action_controller/base.rb:1334:in `perform_action'
/home/ynon/.rvm/gems/ruby-1.9.3-p551/gems/actionpack-2.3.18/lib/action_controller/filters.rb:617:in `call_filters'
/home/ynon/.rvm/gems/ruby-1.9.3-p551/gems/actionpack-2.3.18/lib/action_controller/filters.rb:610:in `perform_action_with_filters'
/home/ynon/.rvm/gems/ruby-1.9.3-p551/gems/actionpack-2.3.18/lib/action_controller/benchmarking.rb:68:in `block in perform_action_with_benchmark'
/home/ynon/.rvm/gems/ruby-1.9.3-p551/gems/activesupport-2.3.18/lib/active_support/core_ext/benchmark.rb:17:in `block in ms'
/usr/share/rvm/rubies/ruby-1.9.3-p551/lib/ruby/1.9.1/benchmark.rb:295:in `realtime'
/home/ynon/.rvm/gems/ruby-1.9.3-p551/gems/activesupport-2.3.18/lib/active_support/core_ext/benchmark.rb:17:in `ms'
/home/ynon/.rvm/gems/ruby-1.9.3-p551/gems/actionpack-2.3.18/lib/action_controller/benchmarking.rb:68:in `perform_action_with_benchmark'
/home/ynon/.rvm/gems/ruby-1.9.3-p551/gems/actionpack-2.3.18/lib/action_controller/rescue.rb:160:in `perform_action_with_rescue'
/home/ynon/.rvm/gems/ruby-1.9.3-p551/gems/actionpack-2.3.18/lib/action_controller/flash.rb:151:in `perform_action_with_flash'
/home/ynon/.rvm/gems/ruby-1.9.3-p551/gems/actionpack-2.3.18/lib/action_controller/base.rb:532:in `process'
/home/ynon/.rvm/gems/ruby-1.9.3-p551/gems/actionpack-2.3.18/lib/action_controller/filters.rb:606:in `process_with_filters'
/home/ynon/.rvm/gems/ruby-1.9.3-p551/gems/actionpack-2.3.18/lib/action_controller/base.rb:391:in `process'
/home/ynon/.rvm/gems/ruby-1.9.3-p551/gems/actionpack-2.3.18/lib/action_controller/base.rb:386:in `call'
/home/ynon/.rvm/gems/ruby-1.9.3-p551/gems/actionpack-2.3.18/lib/action_controller/routing/route_set.rb:438:in `call'
/home/ynon/.rvm/gems/ruby-1.9.3-p551/gems/actionpack-2.3.18/lib/action_controller/dispatcher.rb:87:in `dispatch'
/home/ynon/.rvm/gems/ruby-1.9.3-p551/gems/actionpack-2.3.18/lib/action_controller/dispatcher.rb:121:in `_call'
/home/ynon/.rvm/gems/ruby-1.9.3-p551/gems/actionpack-2.3.18/lib/action_controller/dispatcher.rb:130:in `block in build_middleware_stack'
/home/ynon/.rvm/gems/ruby-1.9.3-p551/gems/activerecord-2.3.18/lib/active_record/query_cache.rb:29:in `call'
/home/ynon/.rvm/gems/ruby-1.9.3-p551/gems/activerecord-2.3.18/lib/active_record/query_cache.rb:29:in `block in call'
/home/ynon/.rvm/gems/ruby-1.9.3-p551/gems/activerecord-2.3.18/lib/active_record/connection_adapters/abstract/query_cache.rb:34:in `cache'
/home/ynon/.rvm/gems/ruby-1.9.3-p551/gems/activerecord-2.3.18/lib/active_record/query_cache.rb:9:in `cache'
/home/ynon/.rvm/gems/ruby-1.9.3-p551/gems/activerecord-2.3.18/lib/active_record/query_cache.rb:28:in `call'
/home/ynon/.rvm/gems/ruby-1.9.3-p551/gems/activerecord-2.3.18/lib/active_record/connection_adapters/abstract/connection_pool.rb:361:in `call'
/home/ynon/.rvm/gems/ruby-1.9.3-p551/gems/actionpack-2.3.18/lib/action_controller/string_coercion.rb:25:in `call'
/home/ynon/.rvm/gems/ruby-1.9.3-p551/gems/rack-1.1.6/lib/rack/head.rb:9:in `call'
/home/ynon/.rvm/gems/ruby-1.9.3-p551/gems/rack-1.1.6/lib/rack/methodoverride.rb:24:in `call'
/home/ynon/.rvm/gems/ruby-1.9.3-p551/gems/actionpack-2.3.18/lib/action_controller/params_parser.rb:15:in `call'
/home/ynon/.rvm/gems/ruby-1.9.3-p551/gems/actionpack-2.3.18/lib/action_controller/session/cookie_store.rb:99:in `call'
/home/ynon/.rvm/gems/ruby-1.9.3-p551/gems/actionpack-2.3.18/lib/action_controller/failsafe.rb:26:in `call'
/home/ynon/.rvm/gems/ruby-1.9.3-p551/gems/rack-1.1.6/lib/rack/lock.rb:11:in `block in call'
<internal:prelude>:10:in `synchronize'
/home/ynon/.rvm/gems/ruby-1.9.3-p551/gems/rack-1.1.6/lib/rack/lock.rb:11:in `call'
/home/ynon/.rvm/gems/ruby-1.9.3-p551/gems/actionpack-2.3.18/lib/action_controller/dispatcher.rb:114:in `block in call'
/home/ynon/.rvm/gems/ruby-1.9.3-p551/gems/actionpack-2.3.18/lib/action_controller/reloader.rb:34:in `run'
/home/ynon/.rvm/gems/ruby-1.9.3-p551/gems/actionpack-2.3.18/lib/action_controller/dispatcher.rb:108:in `call'
/home/ynon/.rvm/gems/ruby-1.9.3-p551/gems/rails-2.3.18/lib/rails/rack/static.rb:31:in `call'
/home/ynon/.rvm/gems/ruby-1.9.3-p551/gems/rack-1.1.6/lib/rack/urlmap.rb:47:in `block in call'
/home/ynon/.rvm/gems/ruby-1.9.3-p551/gems/rack-1.1.6/lib/rack/urlmap.rb:41:in `each'
/home/ynon/.rvm/gems/ruby-1.9.3-p551/gems/rack-1.1.6/lib/rack/urlmap.rb:41:in `call'
/home/ynon/.rvm/gems/ruby-1.9.3-p551/gems/rails-2.3.18/lib/rails/rack/log_tailer.rb:17:in `call'
/home/ynon/.rvm/gems/ruby-1.9.3-p551/gems/rack-1.1.6/lib/rack/content_length.rb:13:in `call'
/home/ynon/.rvm/gems/ruby-1.9.3-p551/gems/rack-1.1.6/lib/rack/handler/webrick.rb:48:in `service'
/usr/share/rvm/rubies/ruby-1.9.3-p551/lib/ruby/1.9.1/webrick/httpserver.rb:138:in `service'
/usr/share/rvm/rubies/ruby-1.9.3-p551/lib/ruby/1.9.1/webrick/httpserver.rb:94:in `run'
/usr/share/rvm/rubies/ruby-1.9.3-p551/lib/ruby/1.9.1/webrick/server.rb:191:in `block in start_thread'

ActionView::TemplateError (/home/ynon/perion-live/myapp/app/views/registrations/new.html.erb:5: syntax error, unexpected ')'
...t(( form_for(@user) do |form| ).to_s); @output_buffer.concat...
...                               ^
/home/ynon/perion-live/myapp/app/views/registrations/new.html.erb:10: syntax error, unexpected keyword_ensure, expecting ')'
/home/ynon/perion-live/myapp/app/views/registrations/new.html.erb:12: syntax error, unexpected keyword_end, expecting ')') on line #5 of app/views/registrations/new.html.erb:
2: http://localhost:3000/registration/new
3: <p>Find me in app/views/registrations/new.html.erb</p>
4: 
5: <%= form_for(@user) do |form| %>
6:   
7: <% end %>

    <internal:prelude>:10:in `synchronize'
    /usr/share/rvm/rubies/ruby-1.9.3-p551/lib/ruby/1.9.1/webrick/httpserver.rb:138:in `service'
    /usr/share/rvm/rubies/ruby-1.9.3-p551/lib/ruby/1.9.1/webrick/httpserver.rb:94:in `run'
    /usr/share/rvm/rubies/ruby-1.9.3-p551/lib/ruby/1.9.1/webrick/server.rb:191:in `block in start_thread'

Rendered rescues/_trace (7.3ms)
Rendered rescues/_request_and_response (0.3ms)
Rendering rescues/layout (internal_server_error)


Processing ApplicationController#index (for 127.0.0.1 at 2018-07-16 10:21:27) [GET]

ActionController::RoutingError (No route matches "/service-worker.js" with {:method=>:get}):
  <internal:prelude>:10:in `synchronize'
  /usr/share/rvm/rubies/ruby-1.9.3-p551/lib/ruby/1.9.1/webrick/httpserver.rb:138:in `service'
  /usr/share/rvm/rubies/ruby-1.9.3-p551/lib/ruby/1.9.1/webrick/httpserver.rb:94:in `run'
  /usr/share/rvm/rubies/ruby-1.9.3-p551/lib/ruby/1.9.1/webrick/server.rb:191:in `block in start_thread'

Rendering rescues/layout (not_found)


Processing RegistrationsController#new (for 127.0.0.1 at 2018-07-16 10:21:29) [GET]
Rendering template within layouts/application
Rendering registrations/new

ActionView::TemplateError (undefined method `users_path' for #<ActionView::Base:0x007f567472f8e0>) on line #5 of app/views/registrations/new.html.erb:
2: http://localhost:3000/registration/new
3: <p>Find me in app/views/registrations/new.html.erb</p>
4: 
5: <% form_for(@user) do |form| %>
6:   
7: <% end %>

    app/views/registrations/new.html.erb:5
    <internal:prelude>:10:in `synchronize'
    /usr/share/rvm/rubies/ruby-1.9.3-p551/lib/ruby/1.9.1/webrick/httpserver.rb:138:in `service'
    /usr/share/rvm/rubies/ruby-1.9.3-p551/lib/ruby/1.9.1/webrick/httpserver.rb:94:in `run'
    /usr/share/rvm/rubies/ruby-1.9.3-p551/lib/ruby/1.9.1/webrick/server.rb:191:in `block in start_thread'

Rendered rescues/_trace (35.4ms)
Rendered rescues/_request_and_response (0.7ms)
Rendering rescues/layout (internal_server_error)


Processing ApplicationController#index (for 127.0.0.1 at 2018-07-16 10:21:30) [GET]

ActionController::RoutingError (No route matches "/service-worker.js" with {:method=>:get}):
  <internal:prelude>:10:in `synchronize'
  /usr/share/rvm/rubies/ruby-1.9.3-p551/lib/ruby/1.9.1/webrick/httpserver.rb:138:in `service'
  /usr/share/rvm/rubies/ruby-1.9.3-p551/lib/ruby/1.9.1/webrick/httpserver.rb:94:in `run'
  /usr/share/rvm/rubies/ruby-1.9.3-p551/lib/ruby/1.9.1/webrick/server.rb:191:in `block in start_thread'

Rendering rescues/layout (not_found)


Processing RegistrationsController#new (for 127.0.0.1 at 2018-07-16 10:22:18) [GET]
Rendering template within layouts/application
Rendering registrations/new

ActionView::TemplateError (undefined method `users_path' for #<ActionView::Base:0x00559c98118598>) on line #5 of app/views/registrations/new.html.erb:
2: http://localhost:3000/registration/new
3: <p>Find me in app/views/registrations/new.html.erb</p>
4: 
5: <% form_for(@user, registration_path) do |form| %>
6:   
7: <% end %>

    app/views/registrations/new.html.erb:5
    <internal:prelude>:10:in `synchronize'
    /usr/share/rvm/rubies/ruby-1.9.3-p551/lib/ruby/1.9.1/webrick/httpserver.rb:138:in `service'
    /usr/share/rvm/rubies/ruby-1.9.3-p551/lib/ruby/1.9.1/webrick/httpserver.rb:94:in `run'
    /usr/share/rvm/rubies/ruby-1.9.3-p551/lib/ruby/1.9.1/webrick/server.rb:191:in `block in start_thread'

Rendered rescues/_trace (8.2ms)
Rendered rescues/_request_and_response (0.7ms)
Rendering rescues/layout (internal_server_error)


Processing ApplicationController#index (for 127.0.0.1 at 2018-07-16 10:22:19) [GET]

ActionController::RoutingError (No route matches "/service-worker.js" with {:method=>:get}):
  <internal:prelude>:10:in `synchronize'
  /usr/share/rvm/rubies/ruby-1.9.3-p551/lib/ruby/1.9.1/webrick/httpserver.rb:138:in `service'
  /usr/share/rvm/rubies/ruby-1.9.3-p551/lib/ruby/1.9.1/webrick/httpserver.rb:94:in `run'
  /usr/share/rvm/rubies/ruby-1.9.3-p551/lib/ruby/1.9.1/webrick/server.rb:191:in `block in start_thread'

Rendering rescues/layout (not_found)


Processing RegistrationsController#new (for 127.0.0.1 at 2018-07-16 10:22:24) [GET]
Rendering template within layouts/application
Rendering registrations/new
Completed in 15ms (View: 11, DB: 0) | 200 OK [http://localhost/registration/new]


Processing ApplicationController#index (for 127.0.0.1 at 2018-07-16 10:22:25) [GET]

ActionController::RoutingError (No route matches "/service-worker.js" with {:method=>:get}):
  <internal:prelude>:10:in `synchronize'
  /usr/share/rvm/rubies/ruby-1.9.3-p551/lib/ruby/1.9.1/webrick/httpserver.rb:138:in `service'
  /usr/share/rvm/rubies/ruby-1.9.3-p551/lib/ruby/1.9.1/webrick/httpserver.rb:94:in `run'
  /usr/share/rvm/rubies/ruby-1.9.3-p551/lib/ruby/1.9.1/webrick/server.rb:191:in `block in start_thread'

Rendering rescues/layout (not_found)


Processing ApplicationController#index (for 127.0.0.1 at 2018-07-16 10:22:32) [GET]

ActionController::RoutingError (No route matches "/service-worker.js" with {:method=>:get}):
  <internal:prelude>:10:in `synchronize'
  /usr/share/rvm/rubies/ruby-1.9.3-p551/lib/ruby/1.9.1/webrick/httpserver.rb:138:in `service'
  /usr/share/rvm/rubies/ruby-1.9.3-p551/lib/ruby/1.9.1/webrick/httpserver.rb:94:in `run'
  /usr/share/rvm/rubies/ruby-1.9.3-p551/lib/ruby/1.9.1/webrick/server.rb:191:in `block in start_thread'

Rendering rescues/layout (not_found)


Processing RegistrationsController#new (for 127.0.0.1 at 2018-07-16 10:29:55) [GET]
Rendering template within layouts/application
Rendering registrations/new

ActionView::TemplateError (invalid hash) on line #10 of app/views/registrations/new.html.erb:
7:   <%= form.text_field :name %>
8: 
9:   <%= form.label :password %>
10:   <%= form.text_field :password %>
11: 
12:   <%= form.submit :create %>
13: <% end %>

    bcrypt (3.1.12) lib/bcrypt/password.rb:60:in `initialize'
    app/models/user.rb:9:in `new'
    app/models/user.rb:9:in `password'
    app/views/registrations/new.html.erb:10:in `block in _run_erb_app47views47registrations47new46html46erb'
    app/views/registrations/new.html.erb:5
    <internal:prelude>:10:in `synchronize'
    /usr/share/rvm/rubies/ruby-1.9.3-p551/lib/ruby/1.9.1/webrick/httpserver.rb:138:in `service'
    /usr/share/rvm/rubies/ruby-1.9.3-p551/lib/ruby/1.9.1/webrick/httpserver.rb:94:in `run'
    /usr/share/rvm/rubies/ruby-1.9.3-p551/lib/ruby/1.9.1/webrick/server.rb:191:in `block in start_thread'

Rendered rescues/_trace (7.9ms)
Rendered rescues/_request_and_response (0.4ms)
Rendering rescues/layout (internal_server_error)


Processing RegistrationsController#new (for 127.0.0.1 at 2018-07-16 10:29:59) [GET]
Rendering template within layouts/application
Rendering registrations/new

ActionView::TemplateError (invalid hash) on line #10 of app/views/registrations/new.html.erb:
7:   <%= form.text_field :name %>
8: 
9:   <%= form.label :password %>
10:   <%= form.text_field :password %>
11: 
12:   <%= form.submit :create %>
13: <% end %>

    bcrypt (3.1.12) lib/bcrypt/password.rb:60:in `initialize'
    app/models/user.rb:9:in `new'
    app/models/user.rb:9:in `password'
    app/views/registrations/new.html.erb:10:in `block in _run_erb_app47views47registrations47new46html46erb'
    app/views/registrations/new.html.erb:5
    <internal:prelude>:10:in `synchronize'
    /usr/share/rvm/rubies/ruby-1.9.3-p551/lib/ruby/1.9.1/webrick/httpserver.rb:138:in `service'
    /usr/share/rvm/rubies/ruby-1.9.3-p551/lib/ruby/1.9.1/webrick/httpserver.rb:94:in `run'
    /usr/share/rvm/rubies/ruby-1.9.3-p551/lib/ruby/1.9.1/webrick/server.rb:191:in `block in start_thread'

Rendered rescues/_trace (10.3ms)
Rendered rescues/_request_and_response (0.2ms)
Rendering rescues/layout (internal_server_error)


Processing RegistrationsController#new (for 127.0.0.1 at 2018-07-16 10:30:01) [GET]
Rendering template within layouts/application
Rendering registrations/new

ActionView::TemplateError (invalid hash) on line #10 of app/views/registrations/new.html.erb:
7:   <%= form.text_field :name %>
8: 
9:   <%= form.label :password %>
10:   <%= form.text_field :password %>
11: 
12:   <%= form.submit :create %>
13: <% end %>

    bcrypt (3.1.12) lib/bcrypt/password.rb:60:in `initialize'
    app/models/user.rb:9:in `new'
    app/models/user.rb:9:in `password'
    app/views/registrations/new.html.erb:10:in `block in _run_erb_app47views47registrations47new46html46erb'
    app/views/registrations/new.html.erb:5
    <internal:prelude>:10:in `synchronize'
    /usr/share/rvm/rubies/ruby-1.9.3-p551/lib/ruby/1.9.1/webrick/httpserver.rb:138:in `service'
    /usr/share/rvm/rubies/ruby-1.9.3-p551/lib/ruby/1.9.1/webrick/httpserver.rb:94:in `run'
    /usr/share/rvm/rubies/ruby-1.9.3-p551/lib/ruby/1.9.1/webrick/server.rb:191:in `block in start_thread'

Rendered rescues/_trace (7.8ms)
Rendered rescues/_request_and_response (0.2ms)
Rendering rescues/layout (internal_server_error)


Processing ApplicationController#index (for 127.0.0.1 at 2018-07-16 10:30:02) [GET]

ActionController::RoutingError (No route matches "/service-worker.js" with {:method=>:get}):
  <internal:prelude>:10:in `synchronize'
  /usr/share/rvm/rubies/ruby-1.9.3-p551/lib/ruby/1.9.1/webrick/httpserver.rb:138:in `service'
  /usr/share/rvm/rubies/ruby-1.9.3-p551/lib/ruby/1.9.1/webrick/httpserver.rb:94:in `run'
  /usr/share/rvm/rubies/ruby-1.9.3-p551/lib/ruby/1.9.1/webrick/server.rb:191:in `block in start_thread'

Rendering rescues/layout (not_found)


Processing RegistrationsController#new (for 127.0.0.1 at 2018-07-16 10:30:10) [GET]
Rendering template within layouts/application
Rendering registrations/new
Completed in 24ms (View: 20, DB: 0) | 200 OK [http://localhost/registration/new]


Processing ApplicationController#index (for 127.0.0.1 at 2018-07-16 10:30:11) [GET]

ActionController::RoutingError (No route matches "/service-worker.js" with {:method=>:get}):
  <internal:prelude>:10:in `synchronize'
  /usr/share/rvm/rubies/ruby-1.9.3-p551/lib/ruby/1.9.1/webrick/httpserver.rb:138:in `service'
  /usr/share/rvm/rubies/ruby-1.9.3-p551/lib/ruby/1.9.1/webrick/httpserver.rb:94:in `run'
  /usr/share/rvm/rubies/ruby-1.9.3-p551/lib/ruby/1.9.1/webrick/server.rb:191:in `block in start_thread'

Rendering rescues/layout (not_found)


Processing ApplicationController#index (for 127.0.0.1 at 2018-07-16 10:32:43) [GET]

ActionController::RoutingError (No route matches "/service-worker.js" with {:method=>:get}):
  <internal:prelude>:10:in `synchronize'
  /usr/share/rvm/rubies/ruby-1.9.3-p551/lib/ruby/1.9.1/webrick/httpserver.rb:138:in `service'
  /usr/share/rvm/rubies/ruby-1.9.3-p551/lib/ruby/1.9.1/webrick/httpserver.rb:94:in `run'
  /usr/share/rvm/rubies/ruby-1.9.3-p551/lib/ruby/1.9.1/webrick/server.rb:191:in `block in start_thread'

Rendering rescues/layout (not_found)


Processing RegistrationsController#new (for 127.0.0.1 at 2018-07-16 10:33:17) [GET]
Rendering template within layouts/application
Rendering registrations/new
Completed in 13ms (View: 9, DB: 0) | 200 OK [http://localhost/registration/new]


Processing RegistrationsController#new (for 127.0.0.1 at 2018-07-16 10:33:18) [GET]
Rendering template within layouts/application
Rendering registrations/new
Completed in 30ms (View: 25, DB: 0) | 200 OK [http://localhost/registration/new]


Processing ApplicationController#index (for 127.0.0.1 at 2018-07-16 10:33:19) [GET]

ActionController::RoutingError (No route matches "/service-worker.js" with {:method=>:get}):
  <internal:prelude>:10:in `synchronize'
  /usr/share/rvm/rubies/ruby-1.9.3-p551/lib/ruby/1.9.1/webrick/httpserver.rb:138:in `service'
  /usr/share/rvm/rubies/ruby-1.9.3-p551/lib/ruby/1.9.1/webrick/httpserver.rb:94:in `run'
  /usr/share/rvm/rubies/ruby-1.9.3-p551/lib/ruby/1.9.1/webrick/server.rb:191:in `block in start_thread'

Rendering rescues/layout (not_found)


Processing RegistrationsController#new (for 127.0.0.1 at 2018-07-16 10:34:16) [GET]
Rendering template within layouts/application
Rendering registrations/new

ActionView::TemplateError (invalid hash) on line #13 of app/views/registrations/new.html.erb:
10: 
11:   <div>
12:     <%= form.label :password %>
13:     <%= form.text_field :password %>
14:   </div>
15: 
16:   <%= form.submit :create %>

    bcrypt (3.1.12) lib/bcrypt/password.rb:60:in `initialize'
    app/models/user.rb:9:in `new'
    app/models/user.rb:9:in `password'
    app/views/registrations/new.html.erb:13:in `block in _run_erb_app47views47registrations47new46html46erb'
    app/views/registrations/new.html.erb:5
    <internal:prelude>:10:in `synchronize'
    /usr/share/rvm/rubies/ruby-1.9.3-p551/lib/ruby/1.9.1/webrick/httpserver.rb:138:in `service'
    /usr/share/rvm/rubies/ruby-1.9.3-p551/lib/ruby/1.9.1/webrick/httpserver.rb:94:in `run'
    /usr/share/rvm/rubies/ruby-1.9.3-p551/lib/ruby/1.9.1/webrick/server.rb:191:in `block in start_thread'

Rendered rescues/_trace (9.8ms)
Rendered rescues/_request_and_response (0.3ms)
Rendering rescues/layout (internal_server_error)


Processing ApplicationController#index (for 127.0.0.1 at 2018-07-16 10:34:17) [GET]

ActionController::RoutingError (No route matches "/service-worker.js" with {:method=>:get}):
  <internal:prelude>:10:in `synchronize'
  /usr/share/rvm/rubies/ruby-1.9.3-p551/lib/ruby/1.9.1/webrick/httpserver.rb:138:in `service'
  /usr/share/rvm/rubies/ruby-1.9.3-p551/lib/ruby/1.9.1/webrick/httpserver.rb:94:in `run'
  /usr/share/rvm/rubies/ruby-1.9.3-p551/lib/ruby/1.9.1/webrick/server.rb:191:in `block in start_thread'

Rendering rescues/layout (not_found)


Processing RegistrationsController#new (for 127.0.0.1 at 2018-07-16 10:37:21) [GET]
Rendering template within layouts/application
Rendering registrations/new
Completed in 14ms (View: 9, DB: 0) | 200 OK [http://localhost/registration/new]


Processing ApplicationController#index (for 127.0.0.1 at 2018-07-16 10:37:22) [GET]

ActionController::RoutingError (No route matches "/service-worker.js" with {:method=>:get}):
  <internal:prelude>:10:in `synchronize'
  /usr/share/rvm/rubies/ruby-1.9.3-p551/lib/ruby/1.9.1/webrick/httpserver.rb:138:in `service'
  /usr/share/rvm/rubies/ruby-1.9.3-p551/lib/ruby/1.9.1/webrick/httpserver.rb:94:in `run'
  /usr/share/rvm/rubies/ruby-1.9.3-p551/lib/ruby/1.9.1/webrick/server.rb:191:in `block in start_thread'

Rendering rescues/layout (not_found)


Processing ApplicationController#index (for 127.0.0.1 at 2018-07-16 10:37:27) [GET]

ActionController::RoutingError (No route matches "/service-worker.js" with {:method=>:get}):
  <internal:prelude>:10:in `synchronize'
  /usr/share/rvm/rubies/ruby-1.9.3-p551/lib/ruby/1.9.1/webrick/httpserver.rb:138:in `service'
  /usr/share/rvm/rubies/ruby-1.9.3-p551/lib/ruby/1.9.1/webrick/httpserver.rb:94:in `run'
  /usr/share/rvm/rubies/ruby-1.9.3-p551/lib/ruby/1.9.1/webrick/server.rb:191:in `block in start_thread'

Rendering rescues/layout (not_found)
  [4;36;1mUser Load (0.2ms)[0m   [0;1mSELECT * FROM "users" LIMIT 1[0m


Processing RegistrationsController#new (for 127.0.0.1 at 2018-07-16 10:39:26) [GET]
Rendering template within layouts/application
Rendering registrations/new
Completed in 31ms (View: 24, DB: 0) | 200 OK [http://localhost/registration/new]
  [4;35;1mUser Create (3.0ms)[0m   [0mINSERT INTO "users" ("name", "password_hash", "created_at", "updated_at") VALUES('ynon', '$2a$10$sdgoNxJP8CUQm63dEiCXmuHhT0fXLh4TqoPR.727vIl1qzQNc8jNm', '2018-07-16 07:44:29', '2018-07-16 07:44:29')[0m


Processing RegistrationsController#new (for 127.0.0.1 at 2018-07-16 10:45:25) [GET]
Rendering template within layouts/application
Rendering registrations/new
Completed in 13ms (View: 6, DB: 0) | 200 OK [http://localhost/registration/new]


Processing ApplicationController#index (for 127.0.0.1 at 2018-07-16 10:45:26) [GET]

ActionController::RoutingError (No route matches "/service-worker.js" with {:method=>:get}):
  <internal:prelude>:10:in `synchronize'
  /usr/share/rvm/rubies/ruby-1.9.3-p551/lib/ruby/1.9.1/webrick/httpserver.rb:138:in `service'
  /usr/share/rvm/rubies/ruby-1.9.3-p551/lib/ruby/1.9.1/webrick/httpserver.rb:94:in `run'
  /usr/share/rvm/rubies/ruby-1.9.3-p551/lib/ruby/1.9.1/webrick/server.rb:191:in `block in start_thread'

Rendering rescues/layout (not_found)


Processing RegistrationsController#create (for 127.0.0.1 at 2018-07-16 10:45:27) [POST]
  Parameters: {"authenticity_token"=>"huAZ8WXQSWZXOob9+cBvvP+5wPAu1Zxr1UrFAsGZ7LM=", "user"=>{"name"=>"", "password"=>""}, "commit"=>"create"}
Rendering template within layouts/application
Rendering registrations/new
Completed in 81ms (View: 6, DB: 0) | 200 OK [http://localhost/registration]


Processing ApplicationController#index (for 127.0.0.1 at 2018-07-16 10:45:28) [GET]

ActionController::RoutingError (No route matches "/service-worker.js" with {:method=>:get}):
  <internal:prelude>:10:in `synchronize'
  /usr/share/rvm/rubies/ruby-1.9.3-p551/lib/ruby/1.9.1/webrick/httpserver.rb:138:in `service'
  /usr/share/rvm/rubies/ruby-1.9.3-p551/lib/ruby/1.9.1/webrick/httpserver.rb:94:in `run'
  /usr/share/rvm/rubies/ruby-1.9.3-p551/lib/ruby/1.9.1/webrick/server.rb:191:in `block in start_thread'

Rendering rescues/layout (not_found)
